{"E:\\Program Files (x86)\\git rep\\agilecalendar\\App.js": {"path":"E:\\Program Files (x86)\\git rep\\agilecalendar\\App.js","statementMap":{"0":{"start":{"line":11,"column":0},"end":{"line":11,"column":39}},"1":{"start":{"line":13,"column":12},"end":{"line":30,"column":1}},"2":{"start":{"line":14,"column":22},"end":{"line":14,"column":49}},"3":{"start":{"line":15,"column":23},"end":{"line":15,"column":51}},"4":{"start":{"line":16,"column":2},"end":{"line":19,"column":3}},"5":{"start":{"line":17,"column":4},"end":{"line":17,"column":43}},"6":{"start":{"line":18,"column":4},"end":{"line":18,"column":51}},"7":{"start":{"line":21,"column":2},"end":{"line":29,"column":4}},"8":{"start":{"line":32,"column":15},"end":{"line":36,"column":2}}},"fnMap":{"0":{"name":"(anonymous_0)","decl":{"start":{"line":13,"column":12},"end":{"line":13,"column":13}},"loc":{"start":{"line":13,"column":18},"end":{"line":30,"column":1}},"line":13}},"branchMap":{"0":{"loc":{"start":{"line":16,"column":2},"end":{"line":19,"column":3}},"type":"if","locations":[{"start":{"line":16,"column":2},"end":{"line":19,"column":3}},{"start":{"line":16,"column":2},"end":{"line":19,"column":3}}],"line":16}},"s":{"0":0,"1":0,"2":0,"3":0,"4":0,"5":0,"6":0,"7":0,"8":0},"f":{"0":0},"b":{"0":[0,0]}}
,"E:\\Program Files (x86)\\git rep\\agilecalendar\\src\\API\\firebaseMethods.js": {"path":"E:\\Program Files (x86)\\git rep\\agilecalendar\\src\\API\\firebaseMethods.js","statementMap":{"0":{"start":{"line":6,"column":2},"end":{"line":21,"column":3}},"1":{"start":{"line":7,"column":4},"end":{"line":7,"column":74}},"2":{"start":{"line":8,"column":24},"end":{"line":8,"column":51}},"3":{"start":{"line":10,"column":15},"end":{"line":10,"column":35}},"4":{"start":{"line":11,"column":4},"end":{"line":15,"column":7}},"5":{"start":{"line":17,"column":4},"end":{"line":20,"column":6}},"6":{"start":{"line":25,"column":2},"end":{"line":29,"column":3}},"7":{"start":{"line":26,"column":4},"end":{"line":26,"column":70}},"8":{"start":{"line":28,"column":4},"end":{"line":28,"column":65}},"9":{"start":{"line":30,"column":2},"end":{"line":30,"column":11}},"10":{"start":{"line":34,"column":2},"end":{"line":38,"column":3}},"11":{"start":{"line":35,"column":4},"end":{"line":35,"column":36}},"12":{"start":{"line":37,"column":4},"end":{"line":37,"column":58}}},"fnMap":{"0":{"name":"registration","decl":{"start":{"line":5,"column":22},"end":{"line":5,"column":34}},"loc":{"start":{"line":5,"column":73},"end":{"line":22,"column":1}},"line":5},"1":{"name":"signIn","decl":{"start":{"line":24,"column":22},"end":{"line":24,"column":28}},"loc":{"start":{"line":24,"column":46},"end":{"line":31,"column":1}},"line":24},"2":{"name":"loggingOut","decl":{"start":{"line":33,"column":22},"end":{"line":33,"column":32}},"loc":{"start":{"line":33,"column":35},"end":{"line":39,"column":1}},"line":33}},"branchMap":{},"s":{"0":0,"1":0,"2":0,"3":0,"4":0,"5":0,"6":0,"7":0,"8":0,"9":0,"10":0,"11":0,"12":0},"f":{"0":0,"1":0,"2":0},"b":{}}
,"E:\\Program Files (x86)\\git rep\\agilecalendar\\src\\components\\index.js": {"path":"E:\\Program Files (x86)\\git rep\\agilecalendar\\src\\components\\index.js","statementMap":{},"fnMap":{},"branchMap":{},"s":{},"f":{},"b":{}}
,"E:\\Program Files (x86)\\git rep\\agilecalendar\\src\\components\\Button\\index.js": {"path":"E:\\Program Files (x86)\\git rep\\agilecalendar\\src\\components\\Button\\index.js","statementMap":{"0":{"start":{"line":4,"column":15},"end":{"line":10,"column":1}},"1":{"start":{"line":5,"column":2},"end":{"line":9,"column":4}},"2":{"start":{"line":12,"column":15},"end":{"line":25,"column":1}}},"fnMap":{"0":{"name":"(anonymous_0)","decl":{"start":{"line":4,"column":15},"end":{"line":4,"column":16}},"loc":{"start":{"line":4,"column":26},"end":{"line":10,"column":1}},"line":4}},"branchMap":{},"s":{"0":0,"1":0,"2":0},"f":{"0":0},"b":{}}
,"E:\\Program Files (x86)\\git rep\\agilecalendar\\src\\components\\Draggable\\index.js": {"path":"E:\\Program Files (x86)\\git rep\\agilecalendar\\src\\components\\Draggable\\index.js","statementMap":{"0":{"start":{"line":15,"column":4},"end":{"line":15,"column":17}},"1":{"start":{"line":16,"column":4},"end":{"line":16,"column":61}},"2":{"start":{"line":17,"column":4},"end":{"line":31,"column":6}},"3":{"start":{"line":33,"column":4},"end":{"line":91,"column":7}},"4":{"start":{"line":34,"column":52},"end":{"line":34,"column":56}},"5":{"start":{"line":40,"column":8},"end":{"line":78,"column":9}},"6":{"start":{"line":44,"column":10},"end":{"line":50,"column":12}},"7":{"start":{"line":52,"column":10},"end":{"line":54,"column":34}},"8":{"start":{"line":55,"column":10},"end":{"line":57,"column":34}},"9":{"start":{"line":58,"column":10},"end":{"line":60,"column":34}},"10":{"start":{"line":61,"column":10},"end":{"line":63,"column":34}},"11":{"start":{"line":64,"column":10},"end":{"line":66,"column":34}},"12":{"start":{"line":67,"column":10},"end":{"line":69,"column":34}},"13":{"start":{"line":70,"column":10},"end":{"line":77,"column":11}},"14":{"start":{"line":71,"column":17},"end":{"line":77,"column":11}},"15":{"start":{"line":72,"column":17},"end":{"line":77,"column":11}},"16":{"start":{"line":73,"column":17},"end":{"line":77,"column":11}},"17":{"start":{"line":74,"column":17},"end":{"line":77,"column":11}},"18":{"start":{"line":75,"column":17},"end":{"line":77,"column":11}},"19":{"start":{"line":76,"column":17},"end":{"line":77,"column":11}},"20":{"start":{"line":81,"column":10},"end":{"line":88,"column":21}},"21":{"start":{"line":96,"column":4},"end":{"line":96,"column":65}},"22":{"start":{"line":96,"column":53},"end":{"line":96,"column":65}},"23":{"start":{"line":97,"column":4},"end":{"line":97,"column":63}},"24":{"start":{"line":97,"column":51},"end":{"line":97,"column":63}},"25":{"start":{"line":98,"column":4},"end":{"line":98,"column":71}},"26":{"start":{"line":98,"column":59},"end":{"line":98,"column":71}},"27":{"start":{"line":99,"column":4},"end":{"line":99,"column":71}},"28":{"start":{"line":99,"column":59},"end":{"line":99,"column":71}},"29":{"start":{"line":100,"column":4},"end":{"line":100,"column":16}},"30":{"start":{"line":105,"column":4},"end":{"line":107,"column":5}},"31":{"start":{"line":106,"column":6},"end":{"line":106,"column":57}},"32":{"start":{"line":108,"column":4},"end":{"line":110,"column":5}},"33":{"start":{"line":109,"column":6},"end":{"line":109,"column":55}},"34":{"start":{"line":111,"column":4},"end":{"line":113,"column":5}},"35":{"start":{"line":112,"column":6},"end":{"line":112,"column":63}},"36":{"start":{"line":114,"column":4},"end":{"line":116,"column":5}},"37":{"start":{"line":115,"column":6},"end":{"line":115,"column":63}},"38":{"start":{"line":121,"column":4},"end":{"line":148,"column":5}},"39":{"start":{"line":122,"column":20},"end":{"line":122,"column":22}},"40":{"start":{"line":123,"column":16},"end":{"line":123,"column":18}},"41":{"start":{"line":124,"column":19},"end":{"line":124,"column":20}},"42":{"start":{"line":125,"column":6},"end":{"line":147,"column":7}},"43":{"start":{"line":125,"column":19},"end":{"line":125,"column":20}},"44":{"start":{"line":126,"column":8},"end":{"line":146,"column":9}},"45":{"start":{"line":132,"column":10},"end":{"line":132,"column":66}},"46":{"start":{"line":133,"column":10},"end":{"line":133,"column":62}},"47":{"start":{"line":134,"column":10},"end":{"line":140,"column":11}},"48":{"start":{"line":135,"column":12},"end":{"line":135,"column":26}},"49":{"start":{"line":136,"column":12},"end":{"line":136,"column":24}},"50":{"start":{"line":137,"column":12},"end":{"line":139,"column":13}},"51":{"start":{"line":138,"column":14},"end":{"line":138,"column":25}},"52":{"start":{"line":141,"column":10},"end":{"line":141,"column":25}},"53":{"start":{"line":142,"column":10},"end":{"line":142,"column":65}},"54":{"start":{"line":143,"column":10},"end":{"line":143,"column":66}},"55":{"start":{"line":144,"column":10},"end":{"line":144,"column":29}},"56":{"start":{"line":145,"column":10},"end":{"line":145,"column":17}},"57":{"start":{"line":152,"column":4},"end":{"line":179,"column":5}},"58":{"start":{"line":153,"column":20},"end":{"line":153,"column":22}},"59":{"start":{"line":154,"column":16},"end":{"line":154,"column":18}},"60":{"start":{"line":155,"column":19},"end":{"line":155,"column":20}},"61":{"start":{"line":156,"column":6},"end":{"line":178,"column":7}},"62":{"start":{"line":156,"column":19},"end":{"line":156,"column":20}},"63":{"start":{"line":157,"column":8},"end":{"line":177,"column":9}},"64":{"start":{"line":163,"column":10},"end":{"line":163,"column":66}},"65":{"start":{"line":164,"column":10},"end":{"line":164,"column":52}},"66":{"start":{"line":165,"column":10},"end":{"line":171,"column":11}},"67":{"start":{"line":166,"column":12},"end":{"line":166,"column":26}},"68":{"start":{"line":167,"column":12},"end":{"line":167,"column":24}},"69":{"start":{"line":168,"column":12},"end":{"line":170,"column":13}},"70":{"start":{"line":169,"column":14},"end":{"line":169,"column":25}},"71":{"start":{"line":172,"column":10},"end":{"line":172,"column":25}},"72":{"start":{"line":173,"column":10},"end":{"line":173,"column":65}},"73":{"start":{"line":174,"column":10},"end":{"line":174,"column":66}},"74":{"start":{"line":175,"column":10},"end":{"line":175,"column":29}},"75":{"start":{"line":176,"column":10},"end":{"line":176,"column":17}},"76":{"start":{"line":183,"column":4},"end":{"line":210,"column":5}},"77":{"start":{"line":184,"column":20},"end":{"line":184,"column":22}},"78":{"start":{"line":185,"column":16},"end":{"line":185,"column":18}},"79":{"start":{"line":186,"column":19},"end":{"line":186,"column":20}},"80":{"start":{"line":187,"column":6},"end":{"line":209,"column":7}},"81":{"start":{"line":187,"column":19},"end":{"line":187,"column":20}},"82":{"start":{"line":188,"column":8},"end":{"line":208,"column":9}},"83":{"start":{"line":194,"column":10},"end":{"line":194,"column":66}},"84":{"start":{"line":195,"column":10},"end":{"line":195,"column":52}},"85":{"start":{"line":196,"column":10},"end":{"line":202,"column":11}},"86":{"start":{"line":197,"column":12},"end":{"line":197,"column":26}},"87":{"start":{"line":198,"column":12},"end":{"line":198,"column":24}},"88":{"start":{"line":199,"column":12},"end":{"line":201,"column":13}},"89":{"start":{"line":200,"column":14},"end":{"line":200,"column":25}},"90":{"start":{"line":203,"column":10},"end":{"line":203,"column":25}},"91":{"start":{"line":204,"column":10},"end":{"line":204,"column":65}},"92":{"start":{"line":205,"column":10},"end":{"line":205,"column":66}},"93":{"start":{"line":206,"column":10},"end":{"line":206,"column":29}},"94":{"start":{"line":207,"column":10},"end":{"line":207,"column":17}},"95":{"start":{"line":214,"column":4},"end":{"line":241,"column":5}},"96":{"start":{"line":215,"column":20},"end":{"line":215,"column":22}},"97":{"start":{"line":216,"column":16},"end":{"line":216,"column":18}},"98":{"start":{"line":217,"column":19},"end":{"line":217,"column":20}},"99":{"start":{"line":218,"column":6},"end":{"line":240,"column":7}},"100":{"start":{"line":218,"column":19},"end":{"line":218,"column":20}},"101":{"start":{"line":219,"column":8},"end":{"line":239,"column":9}},"102":{"start":{"line":225,"column":10},"end":{"line":225,"column":66}},"103":{"start":{"line":226,"column":10},"end":{"line":226,"column":52}},"104":{"start":{"line":227,"column":10},"end":{"line":233,"column":11}},"105":{"start":{"line":228,"column":12},"end":{"line":228,"column":26}},"106":{"start":{"line":229,"column":12},"end":{"line":229,"column":24}},"107":{"start":{"line":230,"column":12},"end":{"line":232,"column":13}},"108":{"start":{"line":231,"column":14},"end":{"line":231,"column":25}},"109":{"start":{"line":234,"column":10},"end":{"line":234,"column":25}},"110":{"start":{"line":235,"column":10},"end":{"line":235,"column":65}},"111":{"start":{"line":236,"column":10},"end":{"line":236,"column":66}},"112":{"start":{"line":237,"column":10},"end":{"line":237,"column":29}},"113":{"start":{"line":238,"column":10},"end":{"line":238,"column":17}},"114":{"start":{"line":245,"column":4},"end":{"line":272,"column":5}},"115":{"start":{"line":246,"column":20},"end":{"line":246,"column":22}},"116":{"start":{"line":247,"column":16},"end":{"line":247,"column":18}},"117":{"start":{"line":248,"column":19},"end":{"line":248,"column":20}},"118":{"start":{"line":249,"column":6},"end":{"line":271,"column":7}},"119":{"start":{"line":249,"column":19},"end":{"line":249,"column":20}},"120":{"start":{"line":250,"column":8},"end":{"line":270,"column":9}},"121":{"start":{"line":256,"column":10},"end":{"line":256,"column":66}},"122":{"start":{"line":257,"column":10},"end":{"line":257,"column":52}},"123":{"start":{"line":258,"column":10},"end":{"line":264,"column":11}},"124":{"start":{"line":259,"column":12},"end":{"line":259,"column":26}},"125":{"start":{"line":260,"column":12},"end":{"line":260,"column":24}},"126":{"start":{"line":261,"column":12},"end":{"line":263,"column":13}},"127":{"start":{"line":262,"column":14},"end":{"line":262,"column":25}},"128":{"start":{"line":265,"column":10},"end":{"line":265,"column":25}},"129":{"start":{"line":266,"column":10},"end":{"line":266,"column":65}},"130":{"start":{"line":267,"column":10},"end":{"line":267,"column":66}},"131":{"start":{"line":268,"column":10},"end":{"line":268,"column":29}},"132":{"start":{"line":269,"column":10},"end":{"line":269,"column":17}},"133":{"start":{"line":276,"column":4},"end":{"line":303,"column":5}},"134":{"start":{"line":277,"column":20},"end":{"line":277,"column":22}},"135":{"start":{"line":278,"column":16},"end":{"line":278,"column":18}},"136":{"start":{"line":279,"column":19},"end":{"line":279,"column":20}},"137":{"start":{"line":280,"column":6},"end":{"line":302,"column":7}},"138":{"start":{"line":280,"column":19},"end":{"line":280,"column":20}},"139":{"start":{"line":281,"column":8},"end":{"line":301,"column":9}},"140":{"start":{"line":287,"column":10},"end":{"line":287,"column":66}},"141":{"start":{"line":288,"column":10},"end":{"line":288,"column":52}},"142":{"start":{"line":289,"column":10},"end":{"line":295,"column":11}},"143":{"start":{"line":290,"column":12},"end":{"line":290,"column":26}},"144":{"start":{"line":291,"column":12},"end":{"line":291,"column":24}},"145":{"start":{"line":292,"column":12},"end":{"line":294,"column":13}},"146":{"start":{"line":293,"column":14},"end":{"line":293,"column":25}},"147":{"start":{"line":296,"column":10},"end":{"line":296,"column":25}},"148":{"start":{"line":297,"column":10},"end":{"line":297,"column":65}},"149":{"start":{"line":298,"column":10},"end":{"line":298,"column":66}},"150":{"start":{"line":299,"column":10},"end":{"line":299,"column":29}},"151":{"start":{"line":300,"column":10},"end":{"line":300,"column":17}},"152":{"start":{"line":307,"column":4},"end":{"line":334,"column":5}},"153":{"start":{"line":308,"column":20},"end":{"line":308,"column":22}},"154":{"start":{"line":309,"column":16},"end":{"line":309,"column":18}},"155":{"start":{"line":310,"column":19},"end":{"line":310,"column":20}},"156":{"start":{"line":311,"column":6},"end":{"line":333,"column":7}},"157":{"start":{"line":311,"column":19},"end":{"line":311,"column":20}},"158":{"start":{"line":312,"column":8},"end":{"line":332,"column":9}},"159":{"start":{"line":318,"column":10},"end":{"line":318,"column":66}},"160":{"start":{"line":319,"column":10},"end":{"line":319,"column":52}},"161":{"start":{"line":320,"column":10},"end":{"line":326,"column":11}},"162":{"start":{"line":321,"column":12},"end":{"line":321,"column":26}},"163":{"start":{"line":322,"column":12},"end":{"line":322,"column":24}},"164":{"start":{"line":323,"column":12},"end":{"line":325,"column":13}},"165":{"start":{"line":324,"column":14},"end":{"line":324,"column":25}},"166":{"start":{"line":327,"column":10},"end":{"line":327,"column":25}},"167":{"start":{"line":328,"column":10},"end":{"line":328,"column":65}},"168":{"start":{"line":329,"column":10},"end":{"line":329,"column":66}},"169":{"start":{"line":330,"column":10},"end":{"line":330,"column":29}},"170":{"start":{"line":331,"column":10},"end":{"line":331,"column":17}},"171":{"start":{"line":338,"column":4},"end":{"line":338,"column":54}},"172":{"start":{"line":341,"column":4},"end":{"line":341,"column":54}},"173":{"start":{"line":344,"column":4},"end":{"line":344,"column":54}},"174":{"start":{"line":347,"column":4},"end":{"line":347,"column":54}},"175":{"start":{"line":350,"column":4},"end":{"line":350,"column":54}},"176":{"start":{"line":353,"column":4},"end":{"line":353,"column":54}},"177":{"start":{"line":356,"column":4},"end":{"line":356,"column":55}},"178":{"start":{"line":359,"column":21},"end":{"line":363,"column":3}},"179":{"start":{"line":360,"column":18},"end":{"line":360,"column":28}},"180":{"start":{"line":361,"column":4},"end":{"line":361,"column":22}},"181":{"start":{"line":362,"column":4},"end":{"line":362,"column":25}},"182":{"start":{"line":368,"column":19},"end":{"line":383,"column":5}},"183":{"start":{"line":384,"column":18},"end":{"line":384,"column":26}},"184":{"start":{"line":385,"column":19},"end":{"line":385,"column":20}},"185":{"start":{"line":386,"column":4},"end":{"line":392,"column":5}},"186":{"start":{"line":390,"column":6},"end":{"line":390,"column":23}},"187":{"start":{"line":391,"column":6},"end":{"line":391,"column":19}},"188":{"start":{"line":393,"column":4},"end":{"line":425,"column":5}},"189":{"start":{"line":393,"column":17},"end":{"line":393,"column":18}},"190":{"start":{"line":394,"column":19},"end":{"line":394,"column":51}},"191":{"start":{"line":395,"column":19},"end":{"line":395,"column":31}},"192":{"start":{"line":396,"column":6},"end":{"line":424,"column":7}},"193":{"start":{"line":397,"column":28},"end":{"line":400,"column":37}},"194":{"start":{"line":401,"column":18},"end":{"line":401,"column":41}},"195":{"start":{"line":402,"column":23},"end":{"line":402,"column":25}},"196":{"start":{"line":403,"column":19},"end":{"line":403,"column":35}},"197":{"start":{"line":404,"column":26},"end":{"line":404,"column":27}},"198":{"start":{"line":405,"column":8},"end":{"line":410,"column":11}},"199":{"start":{"line":406,"column":10},"end":{"line":406,"column":30}},"200":{"start":{"line":407,"column":10},"end":{"line":409,"column":11}},"201":{"start":{"line":408,"column":12},"end":{"line":408,"column":26}},"202":{"start":{"line":411,"column":8},"end":{"line":422,"column":9}},"203":{"start":{"line":412,"column":10},"end":{"line":412,"column":62}},"204":{"start":{"line":413,"column":10},"end":{"line":418,"column":12}},"205":{"start":{"line":420,"column":10},"end":{"line":420,"column":74}},"206":{"start":{"line":421,"column":10},"end":{"line":421,"column":19}},"207":{"start":{"line":423,"column":8},"end":{"line":423,"column":14}},"208":{"start":{"line":426,"column":4},"end":{"line":426,"column":13}},"209":{"start":{"line":431,"column":17},"end":{"line":431,"column":18}},"210":{"start":{"line":432,"column":26},"end":{"line":436,"column":5}},"211":{"start":{"line":437,"column":4},"end":{"line":465,"column":5}},"212":{"start":{"line":438,"column":6},"end":{"line":446,"column":9}},"213":{"start":{"line":447,"column":6},"end":{"line":447,"column":17}},"214":{"start":{"line":449,"column":6},"end":{"line":464,"column":7}},"215":{"start":{"line":449,"column":19},"end":{"line":449,"column":20}},"216":{"start":{"line":450,"column":8},"end":{"line":463,"column":9}},"217":{"start":{"line":451,"column":10},"end":{"line":462,"column":11}},"218":{"start":{"line":455,"column":12},"end":{"line":459,"column":14}},"219":{"start":{"line":460,"column":12},"end":{"line":460,"column":23}},"220":{"start":{"line":461,"column":12},"end":{"line":461,"column":47}},"221":{"start":{"line":466,"column":4},"end":{"line":476,"column":5}},"222":{"start":{"line":467,"column":6},"end":{"line":475,"column":9}},"223":{"start":{"line":480,"column":4},"end":{"line":480,"column":49}},"224":{"start":{"line":484,"column":49},"end":{"line":484,"column":59}},"225":{"start":{"line":486,"column":21},"end":{"line":488,"column":5}},"226":{"start":{"line":490,"column":4},"end":{"line":497,"column":6}},"227":{"start":{"line":501,"column":13},"end":{"line":512,"column":2}}},"fnMap":{"0":{"name":"(anonymous_0)","decl":{"start":{"line":14,"column":2},"end":{"line":14,"column":3}},"loc":{"start":{"line":14,"column":21},"end":{"line":92,"column":3}},"line":14},"1":{"name":"(anonymous_1)","decl":{"start":{"line":34,"column":36},"end":{"line":34,"column":37}},"loc":{"start":{"line":34,"column":52},"end":{"line":34,"column":56}},"line":34},"2":{"name":"(anonymous_2)","decl":{"start":{"line":39,"column":29},"end":{"line":39,"column":30}},"loc":{"start":{"line":39,"column":45},"end":{"line":90,"column":7}},"line":39},"3":{"name":"(anonymous_3)","decl":{"start":{"line":95,"column":2},"end":{"line":95,"column":3}},"loc":{"start":{"line":95,"column":35},"end":{"line":101,"column":3}},"line":95},"4":{"name":"(anonymous_4)","decl":{"start":{"line":104,"column":2},"end":{"line":104,"column":3}},"loc":{"start":{"line":104,"column":32},"end":{"line":117,"column":3}},"line":104},"5":{"name":"(anonymous_5)","decl":{"start":{"line":120,"column":2},"end":{"line":120,"column":3}},"loc":{"start":{"line":120,"column":24},"end":{"line":149,"column":3}},"line":120},"6":{"name":"(anonymous_6)","decl":{"start":{"line":151,"column":2},"end":{"line":151,"column":3}},"loc":{"start":{"line":151,"column":24},"end":{"line":180,"column":3}},"line":151},"7":{"name":"(anonymous_7)","decl":{"start":{"line":182,"column":2},"end":{"line":182,"column":3}},"loc":{"start":{"line":182,"column":24},"end":{"line":211,"column":3}},"line":182},"8":{"name":"(anonymous_8)","decl":{"start":{"line":213,"column":2},"end":{"line":213,"column":3}},"loc":{"start":{"line":213,"column":24},"end":{"line":242,"column":3}},"line":213},"9":{"name":"(anonymous_9)","decl":{"start":{"line":244,"column":2},"end":{"line":244,"column":3}},"loc":{"start":{"line":244,"column":24},"end":{"line":273,"column":3}},"line":244},"10":{"name":"(anonymous_10)","decl":{"start":{"line":275,"column":2},"end":{"line":275,"column":3}},"loc":{"start":{"line":275,"column":24},"end":{"line":304,"column":3}},"line":275},"11":{"name":"(anonymous_11)","decl":{"start":{"line":306,"column":2},"end":{"line":306,"column":3}},"loc":{"start":{"line":306,"column":24},"end":{"line":335,"column":3}},"line":306},"12":{"name":"(anonymous_12)","decl":{"start":{"line":337,"column":2},"end":{"line":337,"column":3}},"loc":{"start":{"line":337,"column":24},"end":{"line":339,"column":3}},"line":337},"13":{"name":"(anonymous_13)","decl":{"start":{"line":340,"column":2},"end":{"line":340,"column":3}},"loc":{"start":{"line":340,"column":24},"end":{"line":342,"column":3}},"line":340},"14":{"name":"(anonymous_14)","decl":{"start":{"line":343,"column":2},"end":{"line":343,"column":3}},"loc":{"start":{"line":343,"column":24},"end":{"line":345,"column":3}},"line":343},"15":{"name":"(anonymous_15)","decl":{"start":{"line":346,"column":2},"end":{"line":346,"column":3}},"loc":{"start":{"line":346,"column":24},"end":{"line":348,"column":3}},"line":346},"16":{"name":"(anonymous_16)","decl":{"start":{"line":349,"column":2},"end":{"line":349,"column":3}},"loc":{"start":{"line":349,"column":24},"end":{"line":351,"column":3}},"line":349},"17":{"name":"(anonymous_17)","decl":{"start":{"line":352,"column":2},"end":{"line":352,"column":3}},"loc":{"start":{"line":352,"column":24},"end":{"line":354,"column":3}},"line":352},"18":{"name":"(anonymous_18)","decl":{"start":{"line":355,"column":2},"end":{"line":355,"column":3}},"loc":{"start":{"line":355,"column":24},"end":{"line":357,"column":3}},"line":355},"19":{"name":"(anonymous_19)","decl":{"start":{"line":359,"column":21},"end":{"line":359,"column":22}},"loc":{"start":{"line":359,"column":36},"end":{"line":363,"column":3}},"line":359},"20":{"name":"(anonymous_20)","decl":{"start":{"line":367,"column":2},"end":{"line":367,"column":3}},"loc":{"start":{"line":367,"column":47},"end":{"line":427,"column":3}},"line":367},"21":{"name":"(anonymous_21)","decl":{"start":{"line":405,"column":23},"end":{"line":405,"column":24}},"loc":{"start":{"line":405,"column":40},"end":{"line":410,"column":9}},"line":405},"22":{"name":"(anonymous_22)","decl":{"start":{"line":430,"column":2},"end":{"line":430,"column":3}},"loc":{"start":{"line":430,"column":22},"end":{"line":477,"column":3}},"line":430},"23":{"name":"(anonymous_23)","decl":{"start":{"line":479,"column":2},"end":{"line":479,"column":3}},"loc":{"start":{"line":479,"column":11},"end":{"line":481,"column":3}},"line":479},"24":{"name":"(anonymous_24)","decl":{"start":{"line":483,"column":2},"end":{"line":483,"column":3}},"loc":{"start":{"line":483,"column":20},"end":{"line":498,"column":3}},"line":483}},"branchMap":{"0":{"loc":{"start":{"line":40,"column":8},"end":{"line":78,"column":9}},"type":"if","locations":[{"start":{"line":40,"column":8},"end":{"line":78,"column":9}},{"start":{"line":40,"column":8},"end":{"line":78,"column":9}}],"line":40},"1":{"loc":{"start":{"line":70,"column":10},"end":{"line":77,"column":11}},"type":"if","locations":[{"start":{"line":70,"column":10},"end":{"line":77,"column":11}},{"start":{"line":70,"column":10},"end":{"line":77,"column":11}}],"line":70},"2":{"loc":{"start":{"line":71,"column":17},"end":{"line":77,"column":11}},"type":"if","locations":[{"start":{"line":71,"column":17},"end":{"line":77,"column":11}},{"start":{"line":71,"column":17},"end":{"line":77,"column":11}}],"line":71},"3":{"loc":{"start":{"line":72,"column":17},"end":{"line":77,"column":11}},"type":"if","locations":[{"start":{"line":72,"column":17},"end":{"line":77,"column":11}},{"start":{"line":72,"column":17},"end":{"line":77,"column":11}}],"line":72},"4":{"loc":{"start":{"line":73,"column":17},"end":{"line":77,"column":11}},"type":"if","locations":[{"start":{"line":73,"column":17},"end":{"line":77,"column":11}},{"start":{"line":73,"column":17},"end":{"line":77,"column":11}}],"line":73},"5":{"loc":{"start":{"line":74,"column":17},"end":{"line":77,"column":11}},"type":"if","locations":[{"start":{"line":74,"column":17},"end":{"line":77,"column":11}},{"start":{"line":74,"column":17},"end":{"line":77,"column":11}}],"line":74},"6":{"loc":{"start":{"line":75,"column":17},"end":{"line":77,"column":11}},"type":"if","locations":[{"start":{"line":75,"column":17},"end":{"line":77,"column":11}},{"start":{"line":75,"column":17},"end":{"line":77,"column":11}}],"line":75},"7":{"loc":{"start":{"line":76,"column":17},"end":{"line":77,"column":11}},"type":"if","locations":[{"start":{"line":76,"column":17},"end":{"line":77,"column":11}},{"start":{"line":76,"column":17},"end":{"line":77,"column":11}}],"line":76},"8":{"loc":{"start":{"line":96,"column":4},"end":{"line":96,"column":65}},"type":"if","locations":[{"start":{"line":96,"column":4},"end":{"line":96,"column":65}},{"start":{"line":96,"column":4},"end":{"line":96,"column":65}}],"line":96},"9":{"loc":{"start":{"line":97,"column":4},"end":{"line":97,"column":63}},"type":"if","locations":[{"start":{"line":97,"column":4},"end":{"line":97,"column":63}},{"start":{"line":97,"column":4},"end":{"line":97,"column":63}}],"line":97},"10":{"loc":{"start":{"line":98,"column":4},"end":{"line":98,"column":71}},"type":"if","locations":[{"start":{"line":98,"column":4},"end":{"line":98,"column":71}},{"start":{"line":98,"column":4},"end":{"line":98,"column":71}}],"line":98},"11":{"loc":{"start":{"line":99,"column":4},"end":{"line":99,"column":71}},"type":"if","locations":[{"start":{"line":99,"column":4},"end":{"line":99,"column":71}},{"start":{"line":99,"column":4},"end":{"line":99,"column":71}}],"line":99},"12":{"loc":{"start":{"line":105,"column":4},"end":{"line":107,"column":5}},"type":"if","locations":[{"start":{"line":105,"column":4},"end":{"line":107,"column":5}},{"start":{"line":105,"column":4},"end":{"line":107,"column":5}}],"line":105},"13":{"loc":{"start":{"line":108,"column":4},"end":{"line":110,"column":5}},"type":"if","locations":[{"start":{"line":108,"column":4},"end":{"line":110,"column":5}},{"start":{"line":108,"column":4},"end":{"line":110,"column":5}}],"line":108},"14":{"loc":{"start":{"line":111,"column":4},"end":{"line":113,"column":5}},"type":"if","locations":[{"start":{"line":111,"column":4},"end":{"line":113,"column":5}},{"start":{"line":111,"column":4},"end":{"line":113,"column":5}}],"line":111},"15":{"loc":{"start":{"line":114,"column":4},"end":{"line":116,"column":5}},"type":"if","locations":[{"start":{"line":114,"column":4},"end":{"line":116,"column":5}},{"start":{"line":114,"column":4},"end":{"line":116,"column":5}}],"line":114},"16":{"loc":{"start":{"line":121,"column":4},"end":{"line":148,"column":5}},"type":"if","locations":[{"start":{"line":121,"column":4},"end":{"line":148,"column":5}},{"start":{"line":121,"column":4},"end":{"line":148,"column":5}}],"line":121},"17":{"loc":{"start":{"line":126,"column":8},"end":{"line":146,"column":9}},"type":"if","locations":[{"start":{"line":126,"column":8},"end":{"line":146,"column":9}},{"start":{"line":126,"column":8},"end":{"line":146,"column":9}}],"line":126},"18":{"loc":{"start":{"line":127,"column":10},"end":{"line":130,"column":51}},"type":"binary-expr","locations":[{"start":{"line":127,"column":10},"end":{"line":128,"column":45}},{"start":{"line":129,"column":10},"end":{"line":130,"column":51}}],"line":127},"19":{"loc":{"start":{"line":134,"column":10},"end":{"line":140,"column":11}},"type":"if","locations":[{"start":{"line":134,"column":10},"end":{"line":140,"column":11}},{"start":{"line":134,"column":10},"end":{"line":140,"column":11}}],"line":134},"20":{"loc":{"start":{"line":137,"column":12},"end":{"line":139,"column":13}},"type":"if","locations":[{"start":{"line":137,"column":12},"end":{"line":139,"column":13}},{"start":{"line":137,"column":12},"end":{"line":139,"column":13}}],"line":137},"21":{"loc":{"start":{"line":152,"column":4},"end":{"line":179,"column":5}},"type":"if","locations":[{"start":{"line":152,"column":4},"end":{"line":179,"column":5}},{"start":{"line":152,"column":4},"end":{"line":179,"column":5}}],"line":152},"22":{"loc":{"start":{"line":157,"column":8},"end":{"line":177,"column":9}},"type":"if","locations":[{"start":{"line":157,"column":8},"end":{"line":177,"column":9}},{"start":{"line":157,"column":8},"end":{"line":177,"column":9}}],"line":157},"23":{"loc":{"start":{"line":158,"column":10},"end":{"line":161,"column":51}},"type":"binary-expr","locations":[{"start":{"line":158,"column":10},"end":{"line":159,"column":45}},{"start":{"line":160,"column":10},"end":{"line":161,"column":51}}],"line":158},"24":{"loc":{"start":{"line":165,"column":10},"end":{"line":171,"column":11}},"type":"if","locations":[{"start":{"line":165,"column":10},"end":{"line":171,"column":11}},{"start":{"line":165,"column":10},"end":{"line":171,"column":11}}],"line":165},"25":{"loc":{"start":{"line":168,"column":12},"end":{"line":170,"column":13}},"type":"if","locations":[{"start":{"line":168,"column":12},"end":{"line":170,"column":13}},{"start":{"line":168,"column":12},"end":{"line":170,"column":13}}],"line":168},"26":{"loc":{"start":{"line":183,"column":4},"end":{"line":210,"column":5}},"type":"if","locations":[{"start":{"line":183,"column":4},"end":{"line":210,"column":5}},{"start":{"line":183,"column":4},"end":{"line":210,"column":5}}],"line":183},"27":{"loc":{"start":{"line":188,"column":8},"end":{"line":208,"column":9}},"type":"if","locations":[{"start":{"line":188,"column":8},"end":{"line":208,"column":9}},{"start":{"line":188,"column":8},"end":{"line":208,"column":9}}],"line":188},"28":{"loc":{"start":{"line":189,"column":10},"end":{"line":192,"column":51}},"type":"binary-expr","locations":[{"start":{"line":189,"column":10},"end":{"line":190,"column":45}},{"start":{"line":191,"column":10},"end":{"line":192,"column":51}}],"line":189},"29":{"loc":{"start":{"line":196,"column":10},"end":{"line":202,"column":11}},"type":"if","locations":[{"start":{"line":196,"column":10},"end":{"line":202,"column":11}},{"start":{"line":196,"column":10},"end":{"line":202,"column":11}}],"line":196},"30":{"loc":{"start":{"line":199,"column":12},"end":{"line":201,"column":13}},"type":"if","locations":[{"start":{"line":199,"column":12},"end":{"line":201,"column":13}},{"start":{"line":199,"column":12},"end":{"line":201,"column":13}}],"line":199},"31":{"loc":{"start":{"line":214,"column":4},"end":{"line":241,"column":5}},"type":"if","locations":[{"start":{"line":214,"column":4},"end":{"line":241,"column":5}},{"start":{"line":214,"column":4},"end":{"line":241,"column":5}}],"line":214},"32":{"loc":{"start":{"line":219,"column":8},"end":{"line":239,"column":9}},"type":"if","locations":[{"start":{"line":219,"column":8},"end":{"line":239,"column":9}},{"start":{"line":219,"column":8},"end":{"line":239,"column":9}}],"line":219},"33":{"loc":{"start":{"line":220,"column":10},"end":{"line":223,"column":51}},"type":"binary-expr","locations":[{"start":{"line":220,"column":10},"end":{"line":221,"column":45}},{"start":{"line":222,"column":10},"end":{"line":223,"column":51}}],"line":220},"34":{"loc":{"start":{"line":227,"column":10},"end":{"line":233,"column":11}},"type":"if","locations":[{"start":{"line":227,"column":10},"end":{"line":233,"column":11}},{"start":{"line":227,"column":10},"end":{"line":233,"column":11}}],"line":227},"35":{"loc":{"start":{"line":230,"column":12},"end":{"line":232,"column":13}},"type":"if","locations":[{"start":{"line":230,"column":12},"end":{"line":232,"column":13}},{"start":{"line":230,"column":12},"end":{"line":232,"column":13}}],"line":230},"36":{"loc":{"start":{"line":245,"column":4},"end":{"line":272,"column":5}},"type":"if","locations":[{"start":{"line":245,"column":4},"end":{"line":272,"column":5}},{"start":{"line":245,"column":4},"end":{"line":272,"column":5}}],"line":245},"37":{"loc":{"start":{"line":250,"column":8},"end":{"line":270,"column":9}},"type":"if","locations":[{"start":{"line":250,"column":8},"end":{"line":270,"column":9}},{"start":{"line":250,"column":8},"end":{"line":270,"column":9}}],"line":250},"38":{"loc":{"start":{"line":251,"column":10},"end":{"line":254,"column":51}},"type":"binary-expr","locations":[{"start":{"line":251,"column":10},"end":{"line":252,"column":45}},{"start":{"line":253,"column":10},"end":{"line":254,"column":51}}],"line":251},"39":{"loc":{"start":{"line":258,"column":10},"end":{"line":264,"column":11}},"type":"if","locations":[{"start":{"line":258,"column":10},"end":{"line":264,"column":11}},{"start":{"line":258,"column":10},"end":{"line":264,"column":11}}],"line":258},"40":{"loc":{"start":{"line":261,"column":12},"end":{"line":263,"column":13}},"type":"if","locations":[{"start":{"line":261,"column":12},"end":{"line":263,"column":13}},{"start":{"line":261,"column":12},"end":{"line":263,"column":13}}],"line":261},"41":{"loc":{"start":{"line":276,"column":4},"end":{"line":303,"column":5}},"type":"if","locations":[{"start":{"line":276,"column":4},"end":{"line":303,"column":5}},{"start":{"line":276,"column":4},"end":{"line":303,"column":5}}],"line":276},"42":{"loc":{"start":{"line":281,"column":8},"end":{"line":301,"column":9}},"type":"if","locations":[{"start":{"line":281,"column":8},"end":{"line":301,"column":9}},{"start":{"line":281,"column":8},"end":{"line":301,"column":9}}],"line":281},"43":{"loc":{"start":{"line":282,"column":10},"end":{"line":285,"column":51}},"type":"binary-expr","locations":[{"start":{"line":282,"column":10},"end":{"line":283,"column":45}},{"start":{"line":284,"column":10},"end":{"line":285,"column":51}}],"line":282},"44":{"loc":{"start":{"line":289,"column":10},"end":{"line":295,"column":11}},"type":"if","locations":[{"start":{"line":289,"column":10},"end":{"line":295,"column":11}},{"start":{"line":289,"column":10},"end":{"line":295,"column":11}}],"line":289},"45":{"loc":{"start":{"line":292,"column":12},"end":{"line":294,"column":13}},"type":"if","locations":[{"start":{"line":292,"column":12},"end":{"line":294,"column":13}},{"start":{"line":292,"column":12},"end":{"line":294,"column":13}}],"line":292},"46":{"loc":{"start":{"line":307,"column":4},"end":{"line":334,"column":5}},"type":"if","locations":[{"start":{"line":307,"column":4},"end":{"line":334,"column":5}},{"start":{"line":307,"column":4},"end":{"line":334,"column":5}}],"line":307},"47":{"loc":{"start":{"line":312,"column":8},"end":{"line":332,"column":9}},"type":"if","locations":[{"start":{"line":312,"column":8},"end":{"line":332,"column":9}},{"start":{"line":312,"column":8},"end":{"line":332,"column":9}}],"line":312},"48":{"loc":{"start":{"line":313,"column":10},"end":{"line":316,"column":51}},"type":"binary-expr","locations":[{"start":{"line":313,"column":10},"end":{"line":314,"column":45}},{"start":{"line":315,"column":10},"end":{"line":316,"column":51}}],"line":313},"49":{"loc":{"start":{"line":320,"column":10},"end":{"line":326,"column":11}},"type":"if","locations":[{"start":{"line":320,"column":10},"end":{"line":326,"column":11}},{"start":{"line":320,"column":10},"end":{"line":326,"column":11}}],"line":320},"50":{"loc":{"start":{"line":323,"column":12},"end":{"line":325,"column":13}},"type":"if","locations":[{"start":{"line":323,"column":12},"end":{"line":325,"column":13}},{"start":{"line":323,"column":12},"end":{"line":325,"column":13}}],"line":323},"51":{"loc":{"start":{"line":338,"column":11},"end":{"line":338,"column":53}},"type":"binary-expr","locations":[{"start":{"line":338,"column":11},"end":{"line":338,"column":30}},{"start":{"line":338,"column":34},"end":{"line":338,"column":53}}],"line":338},"52":{"loc":{"start":{"line":341,"column":11},"end":{"line":341,"column":53}},"type":"binary-expr","locations":[{"start":{"line":341,"column":11},"end":{"line":341,"column":30}},{"start":{"line":341,"column":34},"end":{"line":341,"column":53}}],"line":341},"53":{"loc":{"start":{"line":344,"column":11},"end":{"line":344,"column":53}},"type":"binary-expr","locations":[{"start":{"line":344,"column":11},"end":{"line":344,"column":30}},{"start":{"line":344,"column":34},"end":{"line":344,"column":53}}],"line":344},"54":{"loc":{"start":{"line":347,"column":11},"end":{"line":347,"column":53}},"type":"binary-expr","locations":[{"start":{"line":347,"column":11},"end":{"line":347,"column":30}},{"start":{"line":347,"column":34},"end":{"line":347,"column":53}}],"line":347},"55":{"loc":{"start":{"line":350,"column":11},"end":{"line":350,"column":53}},"type":"binary-expr","locations":[{"start":{"line":350,"column":11},"end":{"line":350,"column":30}},{"start":{"line":350,"column":34},"end":{"line":350,"column":53}}],"line":350},"56":{"loc":{"start":{"line":353,"column":11},"end":{"line":353,"column":53}},"type":"binary-expr","locations":[{"start":{"line":353,"column":11},"end":{"line":353,"column":30}},{"start":{"line":353,"column":34},"end":{"line":353,"column":53}}],"line":353},"57":{"loc":{"start":{"line":356,"column":11},"end":{"line":356,"column":54}},"type":"binary-expr","locations":[{"start":{"line":356,"column":11},"end":{"line":356,"column":31}},{"start":{"line":356,"column":35},"end":{"line":356,"column":54}}],"line":356},"58":{"loc":{"start":{"line":386,"column":4},"end":{"line":392,"column":5}},"type":"if","locations":[{"start":{"line":386,"column":4},"end":{"line":392,"column":5}},{"start":{"line":386,"column":4},"end":{"line":392,"column":5}}],"line":386},"59":{"loc":{"start":{"line":387,"column":6},"end":{"line":388,"column":41}},"type":"binary-expr","locations":[{"start":{"line":387,"column":6},"end":{"line":387,"column":41}},{"start":{"line":388,"column":6},"end":{"line":388,"column":41}}],"line":387},"60":{"loc":{"start":{"line":396,"column":6},"end":{"line":424,"column":7}},"type":"if","locations":[{"start":{"line":396,"column":6},"end":{"line":424,"column":7}},{"start":{"line":396,"column":6},"end":{"line":424,"column":7}}],"line":396},"61":{"loc":{"start":{"line":396,"column":10},"end":{"line":396,"column":38}},"type":"binary-expr","locations":[{"start":{"line":396,"column":10},"end":{"line":396,"column":23}},{"start":{"line":396,"column":27},"end":{"line":396,"column":38}}],"line":396},"62":{"loc":{"start":{"line":407,"column":10},"end":{"line":409,"column":11}},"type":"if","locations":[{"start":{"line":407,"column":10},"end":{"line":409,"column":11}},{"start":{"line":407,"column":10},"end":{"line":409,"column":11}}],"line":407},"63":{"loc":{"start":{"line":411,"column":8},"end":{"line":422,"column":9}},"type":"if","locations":[{"start":{"line":411,"column":8},"end":{"line":422,"column":9}},{"start":{"line":411,"column":8},"end":{"line":422,"column":9}}],"line":411},"64":{"loc":{"start":{"line":437,"column":4},"end":{"line":465,"column":5}},"type":"if","locations":[{"start":{"line":437,"column":4},"end":{"line":465,"column":5}},{"start":{"line":437,"column":4},"end":{"line":465,"column":5}}],"line":437},"65":{"loc":{"start":{"line":437,"column":8},"end":{"line":437,"column":63}},"type":"binary-expr","locations":[{"start":{"line":437,"column":8},"end":{"line":437,"column":39}},{"start":{"line":437,"column":43},"end":{"line":437,"column":63}}],"line":437},"66":{"loc":{"start":{"line":450,"column":8},"end":{"line":463,"column":9}},"type":"if","locations":[{"start":{"line":450,"column":8},"end":{"line":463,"column":9}},{"start":{"line":450,"column":8},"end":{"line":463,"column":9}}],"line":450},"67":{"loc":{"start":{"line":451,"column":10},"end":{"line":462,"column":11}},"type":"if","locations":[{"start":{"line":451,"column":10},"end":{"line":462,"column":11}},{"start":{"line":451,"column":10},"end":{"line":462,"column":11}}],"line":451},"68":{"loc":{"start":{"line":452,"column":12},"end":{"line":453,"column":62}},"type":"binary-expr","locations":[{"start":{"line":452,"column":12},"end":{"line":452,"column":66}},{"start":{"line":453,"column":12},"end":{"line":453,"column":62}}],"line":452},"69":{"loc":{"start":{"line":466,"column":4},"end":{"line":476,"column":5}},"type":"if","locations":[{"start":{"line":466,"column":4},"end":{"line":476,"column":5}},{"start":{"line":466,"column":4},"end":{"line":476,"column":5}}],"line":466},"70":{"loc":{"start":{"line":466,"column":8},"end":{"line":466,"column":43}},"type":"binary-expr","locations":[{"start":{"line":466,"column":8},"end":{"line":466,"column":19}},{"start":{"line":466,"column":23},"end":{"line":466,"column":43}}],"line":466}},"s":{"0":1,"1":1,"2":1,"3":1,"4":0,"5":0,"6":0,"7":0,"8":0,"9":0,"10":0,"11":0,"12":0,"13":0,"14":0,"15":0,"16":0,"17":0,"18":0,"19":0,"20":0,"21":0,"22":0,"23":0,"24":0,"25":0,"26":0,"27":0,"28":0,"29":0,"30":0,"31":0,"32":0,"33":0,"34":0,"35":0,"36":0,"37":0,"38":0,"39":0,"40":0,"41":0,"42":0,"43":0,"44":0,"45":0,"46":0,"47":0,"48":0,"49":0,"50":0,"51":0,"52":0,"53":0,"54":0,"55":0,"56":0,"57":0,"58":0,"59":0,"60":0,"61":0,"62":0,"63":0,"64":0,"65":0,"66":0,"67":0,"68":0,"69":0,"70":0,"71":0,"72":0,"73":0,"74":0,"75":0,"76":0,"77":0,"78":0,"79":0,"80":0,"81":0,"82":0,"83":0,"84":0,"85":0,"86":0,"87":0,"88":0,"89":0,"90":0,"91":0,"92":0,"93":0,"94":0,"95":0,"96":0,"97":0,"98":0,"99":0,"100":0,"101":0,"102":0,"103":0,"104":0,"105":0,"106":0,"107":0,"108":0,"109":0,"110":0,"111":0,"112":0,"113":0,"114":0,"115":0,"116":0,"117":0,"118":0,"119":0,"120":0,"121":0,"122":0,"123":0,"124":0,"125":0,"126":0,"127":0,"128":0,"129":0,"130":0,"131":0,"132":0,"133":0,"134":0,"135":0,"136":0,"137":0,"138":0,"139":0,"140":0,"141":0,"142":0,"143":0,"144":0,"145":0,"146":0,"147":0,"148":0,"149":0,"150":0,"151":0,"152":0,"153":0,"154":0,"155":0,"156":0,"157":0,"158":0,"159":0,"160":0,"161":0,"162":0,"163":0,"164":0,"165":0,"166":0,"167":0,"168":0,"169":0,"170":0,"171":0,"172":0,"173":0,"174":0,"175":0,"176":0,"177":0,"178":1,"179":0,"180":0,"181":0,"182":1,"183":1,"184":1,"185":1,"186":1,"187":1,"188":1,"189":1,"190":1,"191":1,"192":1,"193":1,"194":1,"195":1,"196":1,"197":1,"198":1,"199":0,"200":0,"201":0,"202":1,"203":1,"204":1,"205":0,"206":0,"207":1,"208":1,"209":0,"210":0,"211":0,"212":0,"213":0,"214":0,"215":0,"216":0,"217":0,"218":0,"219":0,"220":0,"221":0,"222":0,"223":1,"224":1,"225":1,"226":1,"227":1},"f":{"0":1,"1":0,"2":0,"3":0,"4":0,"5":0,"6":0,"7":0,"8":0,"9":0,"10":0,"11":0,"12":0,"13":0,"14":0,"15":0,"16":0,"17":0,"18":0,"19":0,"20":1,"21":0,"22":0,"23":1,"24":1},"b":{"0":[0,0],"1":[0,0],"2":[0,0],"3":[0,0],"4":[0,0],"5":[0,0],"6":[0,0],"7":[0,0],"8":[0,0],"9":[0,0],"10":[0,0],"11":[0,0],"12":[0,0],"13":[0,0],"14":[0,0],"15":[0,0],"16":[0,0],"17":[0,0],"18":[0,0],"19":[0,0],"20":[0,0],"21":[0,0],"22":[0,0],"23":[0,0],"24":[0,0],"25":[0,0],"26":[0,0],"27":[0,0],"28":[0,0],"29":[0,0],"30":[0,0],"31":[0,0],"32":[0,0],"33":[0,0],"34":[0,0],"35":[0,0],"36":[0,0],"37":[0,0],"38":[0,0],"39":[0,0],"40":[0,0],"41":[0,0],"42":[0,0],"43":[0,0],"44":[0,0],"45":[0,0],"46":[0,0],"47":[0,0],"48":[0,0],"49":[0,0],"50":[0,0],"51":[0,0],"52":[0,0],"53":[0,0],"54":[0,0],"55":[0,0],"56":[0,0],"57":[0,0],"58":[1,0],"59":[1,0],"60":[1,0],"61":[1,1],"62":[0,0],"63":[1,0],"64":[0,0],"65":[0,0],"66":[0,0],"67":[0,0],"68":[0,0],"69":[0,0],"70":[0,0]},"_coverageSchema":"1a1c01bbd47fc00a2c39e90264f33305004495a9","hash":"a05630c644e8a536c30a882d07f5208b986e4cbb"}
,"E:\\Program Files (x86)\\git rep\\agilecalendar\\src\\components\\Insats\\index.js": {"path":"E:\\Program Files (x86)\\git rep\\agilecalendar\\src\\components\\Insats\\index.js","statementMap":{"0":{"start":{"line":19,"column":4},"end":{"line":19,"column":17}},"1":{"start":{"line":20,"column":4},"end":{"line":30,"column":6}},"2":{"start":{"line":32,"column":4},"end":{"line":95,"column":7}},"3":{"start":{"line":33,"column":52},"end":{"line":33,"column":56}},"4":{"start":{"line":35,"column":56},"end":{"line":35,"column":61}},"5":{"start":{"line":41,"column":8},"end":{"line":87,"column":9}},"6":{"start":{"line":42,"column":10},"end":{"line":42,"column":37}},"7":{"start":{"line":43,"column":15},"end":{"line":87,"column":9}},"8":{"start":{"line":49,"column":10},"end":{"line":49,"column":30}},"9":{"start":{"line":51,"column":10},"end":{"line":86,"column":11}},"10":{"start":{"line":51,"column":23},"end":{"line":51,"column":24}},"11":{"start":{"line":52,"column":12},"end":{"line":85,"column":13}},"12":{"start":{"line":61,"column":14},"end":{"line":84,"column":15}},"13":{"start":{"line":62,"column":30},"end":{"line":62,"column":56}},"14":{"start":{"line":63,"column":28},"end":{"line":63,"column":52}},"15":{"start":{"line":64,"column":30},"end":{"line":64,"column":52}},"16":{"start":{"line":65,"column":16},"end":{"line":70,"column":18}},"17":{"start":{"line":71,"column":16},"end":{"line":76,"column":18}},"18":{"start":{"line":77,"column":16},"end":{"line":80,"column":18}},"19":{"start":{"line":81,"column":16},"end":{"line":81,"column":50}},"20":{"start":{"line":83,"column":16},"end":{"line":83,"column":50}},"21":{"start":{"line":89,"column":8},"end":{"line":93,"column":19}},"22":{"start":{"line":99,"column":4},"end":{"line":99,"column":61}},"23":{"start":{"line":99,"column":49},"end":{"line":99,"column":61}},"24":{"start":{"line":100,"column":4},"end":{"line":100,"column":59}},"25":{"start":{"line":100,"column":47},"end":{"line":100,"column":59}},"26":{"start":{"line":101,"column":4},"end":{"line":101,"column":71}},"27":{"start":{"line":101,"column":59},"end":{"line":101,"column":71}},"28":{"start":{"line":102,"column":4},"end":{"line":102,"column":16}},"29":{"start":{"line":107,"column":4},"end":{"line":109,"column":5}},"30":{"start":{"line":108,"column":6},"end":{"line":108,"column":53}},"31":{"start":{"line":110,"column":4},"end":{"line":112,"column":5}},"32":{"start":{"line":111,"column":6},"end":{"line":111,"column":51}},"33":{"start":{"line":113,"column":4},"end":{"line":115,"column":5}},"34":{"start":{"line":114,"column":6},"end":{"line":114,"column":63}},"35":{"start":{"line":120,"column":4},"end":{"line":124,"column":6}},"36":{"start":{"line":125,"column":4},"end":{"line":129,"column":5}},"37":{"start":{"line":125,"column":17},"end":{"line":125,"column":18}},"38":{"start":{"line":126,"column":6},"end":{"line":128,"column":7}},"39":{"start":{"line":127,"column":8},"end":{"line":127,"column":40}},"40":{"start":{"line":130,"column":18},"end":{"line":133,"column":33}},"41":{"start":{"line":134,"column":4},"end":{"line":136,"column":7}},"42":{"start":{"line":135,"column":6},"end":{"line":135,"column":48}},"43":{"start":{"line":141,"column":19},"end":{"line":156,"column":5}},"44":{"start":{"line":157,"column":18},"end":{"line":157,"column":26}},"45":{"start":{"line":158,"column":19},"end":{"line":158,"column":20}},"46":{"start":{"line":159,"column":4},"end":{"line":165,"column":5}},"47":{"start":{"line":163,"column":6},"end":{"line":163,"column":23}},"48":{"start":{"line":164,"column":6},"end":{"line":164,"column":19}},"49":{"start":{"line":166,"column":4},"end":{"line":197,"column":5}},"50":{"start":{"line":166,"column":17},"end":{"line":166,"column":18}},"51":{"start":{"line":167,"column":19},"end":{"line":167,"column":51}},"52":{"start":{"line":168,"column":19},"end":{"line":168,"column":31}},"53":{"start":{"line":169,"column":6},"end":{"line":196,"column":7}},"54":{"start":{"line":170,"column":28},"end":{"line":173,"column":37}},"55":{"start":{"line":174,"column":18},"end":{"line":174,"column":41}},"56":{"start":{"line":175,"column":23},"end":{"line":175,"column":25}},"57":{"start":{"line":176,"column":19},"end":{"line":176,"column":35}},"58":{"start":{"line":177,"column":24},"end":{"line":177,"column":25}},"59":{"start":{"line":178,"column":16},"end":{"line":178,"column":17}},"60":{"start":{"line":179,"column":18},"end":{"line":179,"column":19}},"61":{"start":{"line":180,"column":8},"end":{"line":188,"column":11}},"62":{"start":{"line":181,"column":10},"end":{"line":181,"column":30}},"63":{"start":{"line":182,"column":10},"end":{"line":187,"column":11}},"64":{"start":{"line":183,"column":12},"end":{"line":183,"column":28}},"65":{"start":{"line":184,"column":12},"end":{"line":184,"column":22}},"66":{"start":{"line":186,"column":12},"end":{"line":186,"column":18}},"67":{"start":{"line":189,"column":8},"end":{"line":194,"column":9}},"68":{"start":{"line":190,"column":10},"end":{"line":190,"column":40}},"69":{"start":{"line":191,"column":10},"end":{"line":193,"column":13}},"70":{"start":{"line":195,"column":8},"end":{"line":195,"column":17}},"71":{"start":{"line":198,"column":4},"end":{"line":198,"column":23}},"72":{"start":{"line":199,"column":4},"end":{"line":199,"column":13}},"73":{"start":{"line":203,"column":24},"end":{"line":206,"column":22}},"74":{"start":{"line":207,"column":4},"end":{"line":219,"column":9}},"75":{"start":{"line":218,"column":8},"end":{"line":218,"column":40}},"76":{"start":{"line":222,"column":20},"end":{"line":224,"column":3}},"77":{"start":{"line":223,"column":4},"end":{"line":223,"column":45}},"78":{"start":{"line":227,"column":28},"end":{"line":227,"column":38}},"79":{"start":{"line":228,"column":29},"end":{"line":228,"column":39}},"80":{"start":{"line":229,"column":21},"end":{"line":231,"column":5}},"81":{"start":{"line":232,"column":4},"end":{"line":271,"column":6}},"82":{"start":{"line":243,"column":14},"end":{"line":243,"column":52}},"83":{"start":{"line":244,"column":14},"end":{"line":244,"column":50}},"84":{"start":{"line":261,"column":33},"end":{"line":261,"column":68}},"85":{"start":{"line":275,"column":13},"end":{"line":333,"column":2}}},"fnMap":{"0":{"name":"(anonymous_0)","decl":{"start":{"line":18,"column":2},"end":{"line":18,"column":3}},"loc":{"start":{"line":18,"column":21},"end":{"line":96,"column":3}},"line":18},"1":{"name":"(anonymous_1)","decl":{"start":{"line":33,"column":36},"end":{"line":33,"column":37}},"loc":{"start":{"line":33,"column":52},"end":{"line":33,"column":56}},"line":33},"2":{"name":"(anonymous_2)","decl":{"start":{"line":34,"column":27},"end":{"line":34,"column":28}},"loc":{"start":{"line":34,"column":43},"end":{"line":34,"column":45}},"line":34},"3":{"name":"(anonymous_3)","decl":{"start":{"line":35,"column":40},"end":{"line":35,"column":41}},"loc":{"start":{"line":35,"column":56},"end":{"line":35,"column":61}},"line":35},"4":{"name":"(anonymous_4)","decl":{"start":{"line":40,"column":29},"end":{"line":40,"column":30}},"loc":{"start":{"line":40,"column":45},"end":{"line":94,"column":7}},"line":40},"5":{"name":"(anonymous_5)","decl":{"start":{"line":98,"column":2},"end":{"line":98,"column":3}},"loc":{"start":{"line":98,"column":35},"end":{"line":103,"column":3}},"line":98},"6":{"name":"(anonymous_6)","decl":{"start":{"line":105,"column":2},"end":{"line":105,"column":3}},"loc":{"start":{"line":105,"column":32},"end":{"line":116,"column":3}},"line":105},"7":{"name":"(anonymous_7)","decl":{"start":{"line":119,"column":2},"end":{"line":119,"column":3}},"loc":{"start":{"line":119,"column":23},"end":{"line":137,"column":3}},"line":119},"8":{"name":"(anonymous_8)","decl":{"start":{"line":134,"column":24},"end":{"line":134,"column":25}},"loc":{"start":{"line":134,"column":33},"end":{"line":136,"column":5}},"line":134},"9":{"name":"(anonymous_9)","decl":{"start":{"line":140,"column":2},"end":{"line":140,"column":3}},"loc":{"start":{"line":140,"column":46},"end":{"line":200,"column":3}},"line":140},"10":{"name":"(anonymous_10)","decl":{"start":{"line":180,"column":23},"end":{"line":180,"column":24}},"loc":{"start":{"line":180,"column":40},"end":{"line":188,"column":9}},"line":180},"11":{"name":"(anonymous_11)","decl":{"start":{"line":202,"column":2},"end":{"line":202,"column":3}},"loc":{"start":{"line":202,"column":48},"end":{"line":220,"column":3}},"line":202},"12":{"name":"(anonymous_12)","decl":{"start":{"line":217,"column":13},"end":{"line":217,"column":14}},"loc":{"start":{"line":217,"column":24},"end":{"line":219,"column":7}},"line":217},"13":{"name":"(anonymous_13)","decl":{"start":{"line":222,"column":20},"end":{"line":222,"column":21}},"loc":{"start":{"line":222,"column":33},"end":{"line":224,"column":3}},"line":222},"14":{"name":"(anonymous_14)","decl":{"start":{"line":226,"column":2},"end":{"line":226,"column":3}},"loc":{"start":{"line":226,"column":11},"end":{"line":272,"column":3}},"line":226},"15":{"name":"(anonymous_15)","decl":{"start":{"line":242,"column":28},"end":{"line":242,"column":29}},"loc":{"start":{"line":242,"column":34},"end":{"line":245,"column":13}},"line":242},"16":{"name":"(anonymous_16)","decl":{"start":{"line":261,"column":27},"end":{"line":261,"column":28}},"loc":{"start":{"line":261,"column":33},"end":{"line":261,"column":68}},"line":261}},"branchMap":{"0":{"loc":{"start":{"line":41,"column":8},"end":{"line":87,"column":9}},"type":"if","locations":[{"start":{"line":41,"column":8},"end":{"line":87,"column":9}},{"start":{"line":41,"column":8},"end":{"line":87,"column":9}}],"line":41},"1":{"loc":{"start":{"line":41,"column":12},"end":{"line":41,"column":46}},"type":"binary-expr","locations":[{"start":{"line":41,"column":12},"end":{"line":41,"column":27}},{"start":{"line":41,"column":31},"end":{"line":41,"column":46}}],"line":41},"2":{"loc":{"start":{"line":43,"column":15},"end":{"line":87,"column":9}},"type":"if","locations":[{"start":{"line":43,"column":15},"end":{"line":87,"column":9}},{"start":{"line":43,"column":15},"end":{"line":87,"column":9}}],"line":43},"3":{"loc":{"start":{"line":44,"column":10},"end":{"line":47,"column":41}},"type":"binary-expr","locations":[{"start":{"line":44,"column":10},"end":{"line":44,"column":41}},{"start":{"line":45,"column":10},"end":{"line":45,"column":41}},{"start":{"line":46,"column":10},"end":{"line":46,"column":40}},{"start":{"line":47,"column":10},"end":{"line":47,"column":41}}],"line":44},"4":{"loc":{"start":{"line":52,"column":12},"end":{"line":85,"column":13}},"type":"if","locations":[{"start":{"line":52,"column":12},"end":{"line":85,"column":13}},{"start":{"line":52,"column":12},"end":{"line":85,"column":13}}],"line":52},"5":{"loc":{"start":{"line":53,"column":14},"end":{"line":59,"column":76}},"type":"binary-expr","locations":[{"start":{"line":53,"column":14},"end":{"line":53,"column":64}},{"start":{"line":54,"column":14},"end":{"line":55,"column":69}},{"start":{"line":56,"column":14},"end":{"line":57,"column":45}},{"start":{"line":58,"column":14},"end":{"line":59,"column":76}}],"line":53},"6":{"loc":{"start":{"line":61,"column":14},"end":{"line":84,"column":15}},"type":"if","locations":[{"start":{"line":61,"column":14},"end":{"line":84,"column":15}},{"start":{"line":61,"column":14},"end":{"line":84,"column":15}}],"line":61},"7":{"loc":{"start":{"line":99,"column":4},"end":{"line":99,"column":61}},"type":"if","locations":[{"start":{"line":99,"column":4},"end":{"line":99,"column":61}},{"start":{"line":99,"column":4},"end":{"line":99,"column":61}}],"line":99},"8":{"loc":{"start":{"line":100,"column":4},"end":{"line":100,"column":59}},"type":"if","locations":[{"start":{"line":100,"column":4},"end":{"line":100,"column":59}},{"start":{"line":100,"column":4},"end":{"line":100,"column":59}}],"line":100},"9":{"loc":{"start":{"line":101,"column":4},"end":{"line":101,"column":71}},"type":"if","locations":[{"start":{"line":101,"column":4},"end":{"line":101,"column":71}},{"start":{"line":101,"column":4},"end":{"line":101,"column":71}}],"line":101},"10":{"loc":{"start":{"line":107,"column":4},"end":{"line":109,"column":5}},"type":"if","locations":[{"start":{"line":107,"column":4},"end":{"line":109,"column":5}},{"start":{"line":107,"column":4},"end":{"line":109,"column":5}}],"line":107},"11":{"loc":{"start":{"line":110,"column":4},"end":{"line":112,"column":5}},"type":"if","locations":[{"start":{"line":110,"column":4},"end":{"line":112,"column":5}},{"start":{"line":110,"column":4},"end":{"line":112,"column":5}}],"line":110},"12":{"loc":{"start":{"line":113,"column":4},"end":{"line":115,"column":5}},"type":"if","locations":[{"start":{"line":113,"column":4},"end":{"line":115,"column":5}},{"start":{"line":113,"column":4},"end":{"line":115,"column":5}}],"line":113},"13":{"loc":{"start":{"line":126,"column":6},"end":{"line":128,"column":7}},"type":"if","locations":[{"start":{"line":126,"column":6},"end":{"line":128,"column":7}},{"start":{"line":126,"column":6},"end":{"line":128,"column":7}}],"line":126},"14":{"loc":{"start":{"line":159,"column":4},"end":{"line":165,"column":5}},"type":"if","locations":[{"start":{"line":159,"column":4},"end":{"line":165,"column":5}},{"start":{"line":159,"column":4},"end":{"line":165,"column":5}}],"line":159},"15":{"loc":{"start":{"line":160,"column":6},"end":{"line":161,"column":41}},"type":"binary-expr","locations":[{"start":{"line":160,"column":6},"end":{"line":160,"column":41}},{"start":{"line":161,"column":6},"end":{"line":161,"column":41}}],"line":160},"16":{"loc":{"start":{"line":169,"column":6},"end":{"line":196,"column":7}},"type":"if","locations":[{"start":{"line":169,"column":6},"end":{"line":196,"column":7}},{"start":{"line":169,"column":6},"end":{"line":196,"column":7}}],"line":169},"17":{"loc":{"start":{"line":169,"column":10},"end":{"line":169,"column":38}},"type":"binary-expr","locations":[{"start":{"line":169,"column":10},"end":{"line":169,"column":23}},{"start":{"line":169,"column":27},"end":{"line":169,"column":38}}],"line":169},"18":{"loc":{"start":{"line":182,"column":10},"end":{"line":187,"column":11}},"type":"if","locations":[{"start":{"line":182,"column":10},"end":{"line":187,"column":11}},{"start":{"line":182,"column":10},"end":{"line":187,"column":11}}],"line":182},"19":{"loc":{"start":{"line":189,"column":8},"end":{"line":194,"column":9}},"type":"if","locations":[{"start":{"line":189,"column":8},"end":{"line":194,"column":9}},{"start":{"line":189,"column":8},"end":{"line":194,"column":9}}],"line":189}},"s":{"0":1,"1":1,"2":1,"3":0,"4":0,"5":0,"6":0,"7":0,"8":0,"9":0,"10":0,"11":0,"12":0,"13":0,"14":0,"15":0,"16":0,"17":0,"18":0,"19":0,"20":0,"21":0,"22":0,"23":0,"24":0,"25":0,"26":0,"27":0,"28":0,"29":0,"30":0,"31":0,"32":0,"33":0,"34":0,"35":0,"36":0,"37":0,"38":0,"39":0,"40":0,"41":0,"42":0,"43":1,"44":1,"45":1,"46":1,"47":1,"48":1,"49":1,"50":1,"51":1,"52":1,"53":1,"54":1,"55":1,"56":1,"57":1,"58":1,"59":1,"60":1,"61":1,"62":1,"63":1,"64":1,"65":1,"66":0,"67":1,"68":1,"69":1,"70":1,"71":0,"72":0,"73":0,"74":0,"75":0,"76":1,"77":0,"78":1,"79":1,"80":1,"81":1,"82":0,"83":0,"84":0,"85":1},"f":{"0":1,"1":0,"2":0,"3":0,"4":0,"5":0,"6":0,"7":0,"8":0,"9":1,"10":1,"11":0,"12":0,"13":0,"14":1,"15":0,"16":0},"b":{"0":[0,0],"1":[0,0],"2":[0,0],"3":[0,0,0,0],"4":[0,0],"5":[0,0,0,0],"6":[0,0],"7":[0,0],"8":[0,0],"9":[0,0],"10":[0,0],"11":[0,0],"12":[0,0],"13":[0,0],"14":[1,0],"15":[1,0],"16":[1,0],"17":[1,1],"18":[1,0],"19":[1,0]},"_coverageSchema":"1a1c01bbd47fc00a2c39e90264f33305004495a9","hash":"3ad96ff1c2e9d187c8fa94134bde8ba238ccb4b0"}
,"E:\\Program Files (x86)\\git rep\\agilecalendar\\src\\database\\firebaseDb.js": {"path":"E:\\Program Files (x86)\\git rep\\agilecalendar\\src\\database\\firebaseDb.js","statementMap":{"0":{"start":{"line":5,"column":23},"end":{"line":13,"column":1}},"1":{"start":{"line":15,"column":0},"end":{"line":15,"column":39}},"2":{"start":{"line":17,"column":0},"end":{"line":17,"column":21}}},"fnMap":{},"branchMap":{},"s":{"0":2,"1":2,"2":2},"f":{},"b":{},"_coverageSchema":"1a1c01bbd47fc00a2c39e90264f33305004495a9","hash":"ffcb46af01ed9f2c54e1d70471379a39dd695072"}
,"E:\\Program Files (x86)\\git rep\\agilecalendar\\src\\navigation\\index.js": {"path":"E:\\Program Files (x86)\\git rep\\agilecalendar\\src\\navigation\\index.js","statementMap":{"0":{"start":{"line":14,"column":14},"end":{"line":14,"column":36}},"1":{"start":{"line":15,"column":12},"end":{"line":15,"column":38}},"2":{"start":{"line":17,"column":21},"end":{"line":37,"column":1}},"3":{"start":{"line":18,"column":2},"end":{"line":36,"column":4}},"4":{"start":{"line":20,"column":37},"end":{"line":32,"column":7}},"5":{"start":{"line":23,"column":10},"end":{"line":27,"column":11}},"6":{"start":{"line":24,"column":12},"end":{"line":24,"column":65}},"7":{"start":{"line":25,"column":17},"end":{"line":27,"column":11}},"8":{"start":{"line":26,"column":12},"end":{"line":26,"column":61}},"9":{"start":{"line":30,"column":10},"end":{"line":30,"column":72}},"10":{"start":{"line":39,"column":19},"end":{"line":86,"column":1}},"11":{"start":{"line":40,"column":2},"end":{"line":85,"column":20}},"12":{"start":{"line":45,"column":22},"end":{"line":45,"column":26}},"13":{"start":{"line":57,"column":22},"end":{"line":57,"column":26}}},"fnMap":{"0":{"name":"(anonymous_0)","decl":{"start":{"line":17,"column":21},"end":{"line":17,"column":22}},"loc":{"start":{"line":17,"column":27},"end":{"line":37,"column":1}},"line":17},"1":{"name":"(anonymous_1)","decl":{"start":{"line":20,"column":21},"end":{"line":20,"column":22}},"loc":{"start":{"line":20,"column":37},"end":{"line":32,"column":7}},"line":20},"2":{"name":"(anonymous_2)","decl":{"start":{"line":21,"column":20},"end":{"line":21,"column":21}},"loc":{"start":{"line":21,"column":50},"end":{"line":31,"column":9}},"line":21},"3":{"name":"(anonymous_3)","decl":{"start":{"line":39,"column":19},"end":{"line":39,"column":20}},"loc":{"start":{"line":40,"column":2},"end":{"line":85,"column":20}},"line":40},"4":{"name":"(anonymous_4)","decl":{"start":{"line":45,"column":16},"end":{"line":45,"column":17}},"loc":{"start":{"line":45,"column":22},"end":{"line":45,"column":26}},"line":45},"5":{"name":"(anonymous_5)","decl":{"start":{"line":57,"column":16},"end":{"line":57,"column":17}},"loc":{"start":{"line":57,"column":22},"end":{"line":57,"column":26}},"line":57}},"branchMap":{"0":{"loc":{"start":{"line":23,"column":10},"end":{"line":27,"column":11}},"type":"if","locations":[{"start":{"line":23,"column":10},"end":{"line":27,"column":11}},{"start":{"line":23,"column":10},"end":{"line":27,"column":11}}],"line":23},"1":{"loc":{"start":{"line":24,"column":23},"end":{"line":24,"column":64}},"type":"cond-expr","locations":[{"start":{"line":24,"column":33},"end":{"line":24,"column":43}},{"start":{"line":24,"column":46},"end":{"line":24,"column":64}}],"line":24},"2":{"loc":{"start":{"line":25,"column":17},"end":{"line":27,"column":11}},"type":"if","locations":[{"start":{"line":25,"column":17},"end":{"line":27,"column":11}},{"start":{"line":25,"column":17},"end":{"line":27,"column":11}}],"line":25},"3":{"loc":{"start":{"line":26,"column":23},"end":{"line":26,"column":60}},"type":"cond-expr","locations":[{"start":{"line":26,"column":33},"end":{"line":26,"column":47}},{"start":{"line":26,"column":50},"end":{"line":26,"column":60}}],"line":26}},"s":{"0":0,"1":0,"2":0,"3":0,"4":0,"5":0,"6":0,"7":0,"8":0,"9":0,"10":0,"11":0,"12":0,"13":0},"f":{"0":0,"1":0,"2":0,"3":0,"4":0,"5":0},"b":{"0":[0,0],"1":[0,0],"2":[0,0],"3":[0,0]}}
,"E:\\Program Files (x86)\\git rep\\agilecalendar\\src\\screens\\index.js": {"path":"E:\\Program Files (x86)\\git rep\\agilecalendar\\src\\screens\\index.js","statementMap":{},"fnMap":{},"branchMap":{},"s":{},"f":{},"b":{}}
,"E:\\Program Files (x86)\\git rep\\agilecalendar\\src\\screens\\AddInsatsScreen\\AddInsatsScreen.js": {"path":"E:\\Program Files (x86)\\git rep\\agilecalendar\\src\\screens\\AddInsatsScreen\\AddInsatsScreen.js","statementMap":{"0":{"start":{"line":21,"column":4},"end":{"line":21,"column":17}},"1":{"start":{"line":22,"column":4},"end":{"line":22,"column":61}},"2":{"start":{"line":23,"column":4},"end":{"line":33,"column":6}},"3":{"start":{"line":35,"column":4},"end":{"line":35,"column":53}},"4":{"start":{"line":38,"column":20},"end":{"line":40,"column":3}},"5":{"start":{"line":39,"column":4},"end":{"line":39,"column":45}},"6":{"start":{"line":42,"column":21},"end":{"line":46,"column":3}},"7":{"start":{"line":43,"column":18},"end":{"line":43,"column":28}},"8":{"start":{"line":44,"column":4},"end":{"line":44,"column":22}},"9":{"start":{"line":45,"column":4},"end":{"line":45,"column":25}},"10":{"start":{"line":49,"column":4},"end":{"line":84,"column":5}},"11":{"start":{"line":50,"column":6},"end":{"line":50,"column":40}},"12":{"start":{"line":52,"column":6},"end":{"line":54,"column":9}},"13":{"start":{"line":55,"column":6},"end":{"line":83,"column":11}},"14":{"start":{"line":66,"column":10},"end":{"line":74,"column":13}},"15":{"start":{"line":76,"column":10},"end":{"line":76,"column":55}},"16":{"start":{"line":79,"column":10},"end":{"line":79,"column":46}},"17":{"start":{"line":80,"column":10},"end":{"line":82,"column":13}},"18":{"start":{"line":88,"column":4},"end":{"line":90,"column":7}},"19":{"start":{"line":91,"column":4},"end":{"line":91,"column":32}},"20":{"start":{"line":95,"column":15},"end":{"line":95,"column":67}},"21":{"start":{"line":96,"column":19},"end":{"line":109,"column":5}},"22":{"start":{"line":110,"column":35},"end":{"line":110,"column":45}},"23":{"start":{"line":111,"column":22},"end":{"line":111,"column":49}},"24":{"start":{"line":112,"column":4},"end":{"line":118,"column":5}},"25":{"start":{"line":113,"column":6},"end":{"line":117,"column":8}},"26":{"start":{"line":120,"column":4},"end":{"line":232,"column":6}},"27":{"start":{"line":138,"column":35},"end":{"line":138,"column":75}},"28":{"start":{"line":149,"column":47},"end":{"line":149,"column":73}},"29":{"start":{"line":161,"column":16},"end":{"line":161,"column":69}},"30":{"start":{"line":175,"column":16},"end":{"line":175,"column":67}},"31":{"start":{"line":191,"column":16},"end":{"line":191,"column":67}},"32":{"start":{"line":205,"column":37},"end":{"line":205,"column":75}},"33":{"start":{"line":213,"column":12},"end":{"line":213,"column":65}},"34":{"start":{"line":214,"column":12},"end":{"line":214,"column":48}},"35":{"start":{"line":225,"column":29},"end":{"line":225,"column":47}},"36":{"start":{"line":236,"column":15},"end":{"line":298,"column":2}}},"fnMap":{"0":{"name":"(anonymous_0)","decl":{"start":{"line":20,"column":2},"end":{"line":20,"column":3}},"loc":{"start":{"line":20,"column":21},"end":{"line":36,"column":3}},"line":20},"1":{"name":"(anonymous_1)","decl":{"start":{"line":38,"column":20},"end":{"line":38,"column":21}},"loc":{"start":{"line":38,"column":33},"end":{"line":40,"column":3}},"line":38},"2":{"name":"(anonymous_2)","decl":{"start":{"line":42,"column":21},"end":{"line":42,"column":22}},"loc":{"start":{"line":42,"column":36},"end":{"line":46,"column":3}},"line":42},"3":{"name":"(anonymous_3)","decl":{"start":{"line":48,"column":2},"end":{"line":48,"column":3}},"loc":{"start":{"line":48,"column":16},"end":{"line":85,"column":3}},"line":48},"4":{"name":"(anonymous_4)","decl":{"start":{"line":65,"column":14},"end":{"line":65,"column":15}},"loc":{"start":{"line":65,"column":23},"end":{"line":77,"column":9}},"line":65},"5":{"name":"(anonymous_5)","decl":{"start":{"line":78,"column":15},"end":{"line":78,"column":16}},"loc":{"start":{"line":78,"column":24},"end":{"line":83,"column":9}},"line":78},"6":{"name":"(anonymous_6)","decl":{"start":{"line":87,"column":2},"end":{"line":87,"column":3}},"loc":{"start":{"line":87,"column":21},"end":{"line":92,"column":3}},"line":87},"7":{"name":"(anonymous_7)","decl":{"start":{"line":94,"column":2},"end":{"line":94,"column":3}},"loc":{"start":{"line":94,"column":11},"end":{"line":233,"column":3}},"line":94},"8":{"name":"(anonymous_8)","decl":{"start":{"line":138,"column":26},"end":{"line":138,"column":27}},"loc":{"start":{"line":138,"column":35},"end":{"line":138,"column":75}},"line":138},"9":{"name":"(anonymous_9)","decl":{"start":{"line":149,"column":41},"end":{"line":149,"column":42}},"loc":{"start":{"line":149,"column":47},"end":{"line":149,"column":73}},"line":149},"10":{"name":"(anonymous_10)","decl":{"start":{"line":160,"column":23},"end":{"line":160,"column":24}},"loc":{"start":{"line":161,"column":16},"end":{"line":161,"column":69}},"line":161},"11":{"name":"(anonymous_11)","decl":{"start":{"line":174,"column":23},"end":{"line":174,"column":24}},"loc":{"start":{"line":175,"column":16},"end":{"line":175,"column":67}},"line":175},"12":{"name":"(anonymous_12)","decl":{"start":{"line":190,"column":23},"end":{"line":190,"column":24}},"loc":{"start":{"line":191,"column":16},"end":{"line":191,"column":67}},"line":191},"13":{"name":"(anonymous_13)","decl":{"start":{"line":205,"column":28},"end":{"line":205,"column":29}},"loc":{"start":{"line":205,"column":37},"end":{"line":205,"column":75}},"line":205},"14":{"name":"(anonymous_14)","decl":{"start":{"line":212,"column":26},"end":{"line":212,"column":27}},"loc":{"start":{"line":212,"column":32},"end":{"line":215,"column":11}},"line":212},"15":{"name":"(anonymous_15)","decl":{"start":{"line":225,"column":23},"end":{"line":225,"column":24}},"loc":{"start":{"line":225,"column":29},"end":{"line":225,"column":47}},"line":225}},"branchMap":{"0":{"loc":{"start":{"line":49,"column":4},"end":{"line":84,"column":5}},"type":"if","locations":[{"start":{"line":49,"column":4},"end":{"line":84,"column":5}},{"start":{"line":49,"column":4},"end":{"line":84,"column":5}}],"line":49},"1":{"loc":{"start":{"line":111,"column":22},"end":{"line":111,"column":49}},"type":"cond-expr","locations":[{"start":{"line":111,"column":29},"end":{"line":111,"column":44}},{"start":{"line":111,"column":47},"end":{"line":111,"column":49}}],"line":111},"2":{"loc":{"start":{"line":112,"column":4},"end":{"line":118,"column":5}},"type":"if","locations":[{"start":{"line":112,"column":4},"end":{"line":118,"column":5}},{"start":{"line":112,"column":4},"end":{"line":118,"column":5}}],"line":112}},"s":{"0":0,"1":0,"2":0,"3":0,"4":0,"5":0,"6":0,"7":0,"8":0,"9":0,"10":0,"11":0,"12":0,"13":0,"14":0,"15":0,"16":0,"17":0,"18":0,"19":0,"20":0,"21":0,"22":0,"23":0,"24":0,"25":0,"26":0,"27":0,"28":0,"29":0,"30":0,"31":0,"32":0,"33":0,"34":0,"35":0,"36":0},"f":{"0":0,"1":0,"2":0,"3":0,"4":0,"5":0,"6":0,"7":0,"8":0,"9":0,"10":0,"11":0,"12":0,"13":0,"14":0,"15":0},"b":{"0":[0,0],"1":[0,0],"2":[0,0]}}
,"E:\\Program Files (x86)\\git rep\\agilecalendar\\src\\screens\\AddInsatsScreen\\index.js": {"path":"E:\\Program Files (x86)\\git rep\\agilecalendar\\src\\screens\\AddInsatsScreen\\index.js","statementMap":{},"fnMap":{},"branchMap":{},"s":{},"f":{},"b":{}}
,"E:\\Program Files (x86)\\git rep\\agilecalendar\\src\\screens\\Dashboard\\Dashboard.js": {"path":"E:\\Program Files (x86)\\git rep\\agilecalendar\\src\\screens\\Dashboard\\Dashboard.js","statementMap":{"0":{"start":{"line":7,"column":23},"end":{"line":7,"column":54}},"1":{"start":{"line":8,"column":36},"end":{"line":8,"column":48}},"2":{"start":{"line":10,"column":2},"end":{"line":27,"column":5}},"3":{"start":{"line":12,"column":16},"end":{"line":16,"column":14}},"4":{"start":{"line":18,"column":6},"end":{"line":23,"column":7}},"5":{"start":{"line":19,"column":8},"end":{"line":19,"column":43}},"6":{"start":{"line":21,"column":22},"end":{"line":21,"column":32}},"7":{"start":{"line":22,"column":8},"end":{"line":22,"column":40}},"8":{"start":{"line":25,"column":4},"end":{"line":25,"column":18}},"9":{"start":{"line":26,"column":4},"end":{"line":26,"column":37}},"10":{"start":{"line":29,"column":2},"end":{"line":34,"column":4}},"11":{"start":{"line":37,"column":15},"end":{"line":48,"column":2}}},"fnMap":{"0":{"name":"Dashboard","decl":{"start":{"line":6,"column":24},"end":{"line":6,"column":33}},"loc":{"start":{"line":6,"column":50},"end":{"line":35,"column":1}},"line":6},"1":{"name":"(anonymous_1)","decl":{"start":{"line":10,"column":12},"end":{"line":10,"column":13}},"loc":{"start":{"line":10,"column":18},"end":{"line":27,"column":3}},"line":10},"2":{"name":"getUserInfo","decl":{"start":{"line":11,"column":19},"end":{"line":11,"column":30}},"loc":{"start":{"line":11,"column":33},"end":{"line":24,"column":5}},"line":11}},"branchMap":{"0":{"loc":{"start":{"line":18,"column":6},"end":{"line":23,"column":7}},"type":"if","locations":[{"start":{"line":18,"column":6},"end":{"line":23,"column":7}},{"start":{"line":18,"column":6},"end":{"line":23,"column":7}}],"line":18}},"s":{"0":0,"1":0,"2":0,"3":0,"4":0,"5":0,"6":0,"7":0,"8":0,"9":0,"10":0,"11":0},"f":{"0":0,"1":0,"2":0},"b":{"0":[0,0]}}
,"E:\\Program Files (x86)\\git rep\\agilecalendar\\src\\screens\\Dashboard\\index.js": {"path":"E:\\Program Files (x86)\\git rep\\agilecalendar\\src\\screens\\Dashboard\\index.js","statementMap":{},"fnMap":{},"branchMap":{},"s":{},"f":{},"b":{}}
,"E:\\Program Files (x86)\\git rep\\agilecalendar\\src\\screens\\DayScreen\\DayScreen.js": {"path":"E:\\Program Files (x86)\\git rep\\agilecalendar\\src\\screens\\DayScreen\\DayScreen.js","statementMap":{"0":{"start":{"line":24,"column":4},"end":{"line":24,"column":17}},"1":{"start":{"line":25,"column":4},"end":{"line":28,"column":62}},"2":{"start":{"line":29,"column":4},"end":{"line":58,"column":6}},"3":{"start":{"line":62,"column":4},"end":{"line":62,"column":72}},"4":{"start":{"line":66,"column":4},"end":{"line":66,"column":23}},"5":{"start":{"line":69,"column":18},"end":{"line":96,"column":3}},"6":{"start":{"line":70,"column":21},"end":{"line":70,"column":23}},"7":{"start":{"line":71,"column":4},"end":{"line":91,"column":7}},"8":{"start":{"line":80,"column":10},"end":{"line":80,"column":20}},"9":{"start":{"line":81,"column":6},"end":{"line":90,"column":9}},"10":{"start":{"line":92,"column":4},"end":{"line":95,"column":7}},"11":{"start":{"line":99,"column":4},"end":{"line":99,"column":17}},"12":{"start":{"line":100,"column":4},"end":{"line":100,"column":43}},"13":{"start":{"line":104,"column":4},"end":{"line":120,"column":5}},"14":{"start":{"line":104,"column":17},"end":{"line":104,"column":18}},"15":{"start":{"line":105,"column":6},"end":{"line":119,"column":7}},"16":{"start":{"line":105,"column":19},"end":{"line":105,"column":20}},"17":{"start":{"line":106,"column":8},"end":{"line":118,"column":9}},"18":{"start":{"line":110,"column":10},"end":{"line":117,"column":12}},"19":{"start":{"line":124,"column":4},"end":{"line":140,"column":5}},"20":{"start":{"line":124,"column":17},"end":{"line":124,"column":18}},"21":{"start":{"line":125,"column":6},"end":{"line":139,"column":7}},"22":{"start":{"line":125,"column":19},"end":{"line":125,"column":20}},"23":{"start":{"line":126,"column":8},"end":{"line":138,"column":9}},"24":{"start":{"line":130,"column":10},"end":{"line":137,"column":12}},"25":{"start":{"line":144,"column":16},"end":{"line":144,"column":26}},"26":{"start":{"line":145,"column":4},"end":{"line":145,"column":47}},"27":{"start":{"line":147,"column":4},"end":{"line":153,"column":5}},"28":{"start":{"line":148,"column":6},"end":{"line":152,"column":8}},"29":{"start":{"line":155,"column":4},"end":{"line":208,"column":6}},"30":{"start":{"line":173,"column":31},"end":{"line":173,"column":44}},"31":{"start":{"line":182,"column":31},"end":{"line":182,"column":75}},"32":{"start":{"line":196,"column":16},"end":{"line":196,"column":60}},"33":{"start":{"line":202,"column":16},"end":{"line":202,"column":59}},"34":{"start":{"line":212,"column":15},"end":{"line":274,"column":2}}},"fnMap":{"0":{"name":"(anonymous_0)","decl":{"start":{"line":23,"column":2},"end":{"line":23,"column":3}},"loc":{"start":{"line":23,"column":21},"end":{"line":59,"column":3}},"line":23},"1":{"name":"(anonymous_1)","decl":{"start":{"line":61,"column":2},"end":{"line":61,"column":3}},"loc":{"start":{"line":61,"column":22},"end":{"line":63,"column":3}},"line":61},"2":{"name":"(anonymous_2)","decl":{"start":{"line":65,"column":2},"end":{"line":65,"column":3}},"loc":{"start":{"line":65,"column":25},"end":{"line":67,"column":3}},"line":65},"3":{"name":"(anonymous_3)","decl":{"start":{"line":69,"column":18},"end":{"line":69,"column":19}},"loc":{"start":{"line":69,"column":37},"end":{"line":96,"column":3}},"line":69},"4":{"name":"(anonymous_4)","decl":{"start":{"line":71,"column":26},"end":{"line":71,"column":27}},"loc":{"start":{"line":71,"column":35},"end":{"line":91,"column":5}},"line":71},"5":{"name":"(anonymous_5)","decl":{"start":{"line":98,"column":2},"end":{"line":98,"column":3}},"loc":{"start":{"line":98,"column":11},"end":{"line":101,"column":3}},"line":98},"6":{"name":"(anonymous_6)","decl":{"start":{"line":103,"column":2},"end":{"line":103,"column":3}},"loc":{"start":{"line":103,"column":31},"end":{"line":121,"column":3}},"line":103},"7":{"name":"(anonymous_7)","decl":{"start":{"line":123,"column":2},"end":{"line":123,"column":3}},"loc":{"start":{"line":123,"column":32},"end":{"line":141,"column":3}},"line":123},"8":{"name":"(anonymous_8)","decl":{"start":{"line":143,"column":2},"end":{"line":143,"column":3}},"loc":{"start":{"line":143,"column":11},"end":{"line":209,"column":3}},"line":143},"9":{"name":"(anonymous_9)","decl":{"start":{"line":173,"column":25},"end":{"line":173,"column":26}},"loc":{"start":{"line":173,"column":31},"end":{"line":173,"column":44}},"line":173},"10":{"name":"(anonymous_10)","decl":{"start":{"line":182,"column":25},"end":{"line":182,"column":26}},"loc":{"start":{"line":182,"column":31},"end":{"line":182,"column":75}},"line":182},"11":{"name":"(anonymous_11)","decl":{"start":{"line":195,"column":36},"end":{"line":195,"column":37}},"loc":{"start":{"line":195,"column":53},"end":{"line":197,"column":15}},"line":195},"12":{"name":"(anonymous_12)","decl":{"start":{"line":201,"column":36},"end":{"line":201,"column":37}},"loc":{"start":{"line":201,"column":53},"end":{"line":203,"column":15}},"line":201}},"branchMap":{"0":{"loc":{"start":{"line":106,"column":8},"end":{"line":118,"column":9}},"type":"if","locations":[{"start":{"line":106,"column":8},"end":{"line":118,"column":9}},{"start":{"line":106,"column":8},"end":{"line":118,"column":9}}],"line":106},"1":{"loc":{"start":{"line":107,"column":10},"end":{"line":108,"column":44}},"type":"binary-expr","locations":[{"start":{"line":107,"column":10},"end":{"line":107,"column":49}},{"start":{"line":108,"column":10},"end":{"line":108,"column":44}}],"line":107},"2":{"loc":{"start":{"line":126,"column":8},"end":{"line":138,"column":9}},"type":"if","locations":[{"start":{"line":126,"column":8},"end":{"line":138,"column":9}},{"start":{"line":126,"column":8},"end":{"line":138,"column":9}}],"line":126},"3":{"loc":{"start":{"line":127,"column":10},"end":{"line":128,"column":44}},"type":"binary-expr","locations":[{"start":{"line":127,"column":10},"end":{"line":127,"column":49}},{"start":{"line":128,"column":10},"end":{"line":128,"co
[...]
n":56}},"29":{"start":{"line":128,"column":25},"end":{"line":128,"column":59}},"30":{"start":{"line":139,"column":4},"end":{"line":141,"column":7}},"31":{"start":{"line":142,"column":4},"end":{"line":142,"column":32}},"32":{"start":{"line":146,"column":15},"end":{"line":146,"column":67}},"33":{"start":{"line":147,"column":19},"end":{"line":174,"column":5}},"34":{"start":{"line":175,"column":35},"end":{"line":175,"column":45}},"35":{"start":{"line":176,"column":22},"end":{"line":176,"column":49}},"36":{"start":{"line":177,"column":4},"end":{"line":183,"column":5}},"37":{"start":{"line":178,"column":6},"end":{"line":182,"column":8}},"38":{"start":{"line":184,"column":4},"end":{"line":296,"column":6}},"39":{"start":{"line":195,"column":35},"end":{"line":195,"column":75}},"40":{"start":{"line":211,"column":27},"end":{"line":211,"column":53}},"41":{"start":{"line":223,"column":16},"end":{"line":223,"column":69}},"42":{"start":{"line":237,"column":16},"end":{"line":237,"column":67}},"43":{"start":{"line":251,"column":16},"end":{"line":251,"column":67}},"44":{"start":{"line":260,"column":37},"end":{"line":260,"column":75}},"45":{"start":{"line":269,"column":12},"end":{"line":269,"column":65}},"46":{"start":{"line":270,"column":12},"end":{"line":270,"column":48}},"47":{"start":{"line":281,"column":29},"end":{"line":281,"column":48}},"48":{"start":{"line":300,"column":15},"end":{"line":360,"column":2}}},"fnMap":{"0":{"name":"(anonymous_0)","decl":{"start":{"line":19,"column":2},"end":{"line":19,"column":3}},"loc":{"start":{"line":19,"column":21},"end":{"line":32,"column":3}},"line":19},"1":{"name":"(anonymous_1)","decl":{"start":{"line":34,"column":2},"end":{"line":34,"column":3}},"loc":{"start":{"line":34,"column":22},"end":{"line":58,"column":3}},"line":34},"2":{"name":"(anonymous_2)","decl":{"start":{"line":39,"column":21},"end":{"line":39,"column":22}},"loc":{"start":{"line":39,"column":30},"end":{"line":57,"column":5}},"line":39},"3":{"name":"(anonymous_3)","decl":{"start":{"line":60,"column":20},"end":{"line":60,"column":21}},"loc":{"start":{"line":60,"column":33},"end":{"line":62,"column":3}},"line":60},"4":{"name":"(anonymous_4)","decl":{"start":{"line":64,"column":21},"end":{"line":64,"column":22}},"loc":{"start":{"line":64,"column":36},"end":{"line":68,"column":3}},"line":64},"5":{"name":"(anonymous_5)","decl":{"start":{"line":70,"column":2},"end":{"line":70,"column":3}},"loc":{"start":{"line":70,"column":17},"end":{"line":107,"column":3}},"line":70},"6":{"name":"(anonymous_6)","decl":{"start":{"line":88,"column":12},"end":{"line":88,"column":13}},"loc":{"start":{"line":88,"column":24},"end":{"line":100,"column":7}},"line":88},"7":{"name":"(anonymous_7)","decl":{"start":{"line":101,"column":13},"end":{"line":101,"column":14}},"loc":{"start":{"line":101,"column":24},"end":{"line":106,"column":7}},"line":101},"8":{"name":"(anonymous_8)","decl":{"start":{"line":109,"column":2},"end":{"line":109,"column":3}},"loc":{"start":{"line":109,"column":17},"end":{"line":118,"column":3}},"line":109},"9":{"name":"(anonymous_9)","decl":{"start":{"line":114,"column":24},"end":{"line":114,"column":25}},"loc":{"start":{"line":114,"column":33},"end":{"line":117,"column":5}},"line":114},"10":{"name":"(anonymous_10)","decl":{"start":{"line":120,"column":23},"end":{"line":120,"column":24}},"loc":{"start":{"line":120,"column":29},"end":{"line":136,"column":3}},"line":120},"11":{"name":"(anonymous_11)","decl":{"start":{"line":125,"column":31},"end":{"line":125,"column":32}},"loc":{"start":{"line":125,"column":37},"end":{"line":125,"column":56}},"line":125},"12":{"name":"(anonymous_12)","decl":{"start":{"line":128,"column":19},"end":{"line":128,"column":20}},"loc":{"start":{"line":128,"column":25},"end":{"line":128,"column":59}},"line":128},"13":{"name":"(anonymous_13)","decl":{"start":{"line":138,"column":2},"end":{"line":138,"column":3}},"loc":{"start":{"line":138,"column":21},"end":{"line":143,"column":3}},"line":138},"14":{"name":"(anonymous_14)","decl":{"start":{"line":145,"column":2},"end":{"line":145,"column":3}},"loc":{"start":{"line":145,"column":11},"end":{"line":297,"column":3}},"line":145},"15":{"name":"(anonymous_15)","decl":{"start":{"line":195,"column":26},"end":{"line":195,"column":27}},"loc":{"start":{"line":195,"column":35},"end":{"line":195,"column":75}},"line":195},"16":{"name":"(anonymous_16)","decl":{"start":{"line":211,"column":21},"end":{"line":211,"column":22}},"loc":{"start":{"line":211,"column":27},"end":{"line":211,"column":53}},"line":211},"17":{"name":"(anonymous_17)","decl":{"start":{"line":222,"column":23},"end":{"line":222,"column":24}},"loc":{"start":{"line":223,"column":16},"end":{"line":223,"column":69}},"line":223},"18":{"name":"(anonymous_18)","decl":{"start":{"line":236,"column":23},"end":{"line":236,"column":24}},"loc":{"start":{"line":237,"column":16},"end":{"line":237,"column":67}},"line":237},"19":{"name":"(anonymous_19)","decl":{"start":{"line":250,"column":23},"end":{"line":250,"column":24}},"loc":{"start":{"line":251,"column":16},"end":{"line":251,"column":67}},"line":251},"20":{"name":"(anonymous_20)","decl":{"start":{"line":260,"column":28},"end":{"line":260,"column":29}},"loc":{"start":{"line":260,"column":37},"end":{"line":260,"column":75}},"line":260},"21":{"name":"(anonymous_21)","decl":{"start":{"line":268,"column":26},"end":{"line":268,"column":27}},"loc":{"start":{"line":268,"column":32},"end":{"line":271,"column":11}},"line":268},"22":{"name":"(anonymous_22)","decl":{"start":{"line":281,"column":23},"end":{"line":281,"column":24}},"loc":{"start":{"line":281,"column":29},"end":{"line":281,"column":48}},"line":281}},"branchMap":{"0":{"loc":{"start":{"line":40,"column":6},"end":{"line":56,"column":7}},"type":"if","locations":[{"start":{"line":40,"column":6},"end":{"line":56,"column":7}},{"start":{"line":40,"column":6},"end":{"line":56,"column":7}}],"line":40},"1":{"loc":{"start":{"line":176,"column":22},"end":{"line":176,"column":49}},"type":"cond-expr","locations":[{"start":{"line":176,"column":29},"end":{"line":176,"column":44}},{"start":{"line":176,"column":47},"end":{"line":176,"column":49}}],"line":176},"2":{"loc":{"start":{"line":177,"column":4},"end":{"line":183,"column":5}},"type":"if","locations":[{"start":{"line":177,"column":4},"end":{"line":183,"column":5}},{"start":{"line":177,"column":4},"end":{"line":183,"column":5}}],"line":177}},"s":{"0":0,"1":0,"2":0,"3":0,"4":0,"5":0,"6":0,"7":0,"8":0,"9":0,"10":0,"11":0,"12":0,"13":0,"14":0,"15":0,"16":0,"17":0,"18":0,"19":0,"20":0,"21":0,"22":0,"23":0,"24":0,"25":0,"26":0,"27":0,"28":0,"29":0,"30":0,"31":0,"32":0,"33":0,"34":0,"35":0,"36":0,"37":0,"38":0,"39":0,"40":0,"41":0,"42":0,"43":0,"44":0,"45":0,"46":0,"47":0,"48":0},"f":{"0":0,"1":0,"2":0,"3":0,"4":0,"5":0,"6":0,"7":0,"8":0,"9":0,"10":0,"11":0,"12":0,"13":0,"14":0,"15":0,"16":0,"17":0,"18":0,"19":0,"20":0,"21":0,"22":0},"b":{"0":[0,0],"1":[0,0],"2":[0,0]}}
,"E:\\Program Files (x86)\\git rep\\agilecalendar\\src\\screens\\InsatsDetailScreen\\index.js": {"path":"E:\\Program Files (x86)\\git rep\\agilecalendar\\src\\screens\\InsatsDetailScreen\\index.js","statementMap":{},"fnMap":{},"branchMap":{},"s":{},"f":{},"b":{}}
,"E:\\Program Files (x86)\\git rep\\agilecalendar\\src\\screens\\LoadingScreen\\LoadingScreen.js": {"path":"E:\\Program Files (x86)\\git rep\\agilecalendar\\src\\screens\\LoadingScreen\\LoadingScreen.js","statementMap":{"0":{"start":{"line":6,"column":2},"end":{"line":14,"column":5}},"1":{"start":{"line":7,"column":4},"end":{"line":13,"column":7}},"2":{"start":{"line":8,"column":6},"end":{"line":12,"column":7}},"3":{"start":{"line":9,"column":8},"end":{"line":9,"column":41}},"4":{"start":{"line":11,"column":8},"end":{"line":11,"column":36}},"5":{"start":{"line":16,"column":2},"end":{"line":20,"column":4}},"6":{"start":{"line":23,"column":15},"end":{"line":27,"column":2}}},"fnMap":{"0":{"name":"LoadingScreen","decl":{"start":{"line":5,"column":24},"end":{"line":5,"column":37}},"loc":{"start":{"line":5,"column":54},"end":{"line":21,"column":1}},"line":5},"1":{"name":"(anonymous_1)","decl":{"start":{"line":6,"column":12},"end":{"line":6,"column":13}},"loc":{"start":{"line":6,"column":18},"end":{"line":14,"column":3}},"line":6},"2":{"name":"(anonymous_2)","decl":{"start":{"line":7,"column":39},"end":{"line":7,"column":40}},"loc":{"start":{"line":7,"column":49},"end":{"line":13,"column":5}},"line":7}},"branchMap":{"0":{"loc":{"start":{"line":8,"column":6},"end":{"line":12,"column":7}},"type":"if","locations":[{"start":{"line":8,"column":6},"end":{"line":12,"column":7}},{"start":{"line":8,"column":6},"end":{"line":12,"column":7}}],"line":8}},"s":{"0":0,"1":0,"2":0,"3":0,"4":0,"5":0,"6":0},"f":{"0":0,"1":0,"2":0},"b":{"0":[0,0]}}
,"E:\\Program Files (x86)\\git rep\\agilecalendar\\src\\screens\\LoadingScreen\\index.js": {"path":"E:\\Program Files (x86)\\git rep\\agilecalendar\\src\\screens\\LoadingScreen\\index.js","statementMap":{},"fnMap":{},"branchMap":{},"s":{},"f":{},"b":{}}
,"E:\\Program Files (x86)\\git rep\\agilecalendar\\src\\screens\\LoginScreen\\LoginScreen.js": {"path":"E:\\Program Files (x86)\\git rep\\agilecalendar\\src\\screens\\LoginScreen\\LoginScreen.js","statementMap":{"0":{"start":{"line":19,"column":20},"end":{"line":93,"column":1}},"1":{"start":{"line":20,"column":29},"end":{"line":20,"column":32}},"2":{"start":{"line":21,"column":30},"end":{"line":21,"column":33}},"3":{"start":{"line":22,"column":22},"end":{"line":22,"column":49}},"4":{"start":{"line":23,"column":23},"end":{"line":23,"column":51}},"5":{"start":{"line":25,"column":28},"end":{"line":25,"column":40}},"6":{"start":{"line":26,"column":34},"end":{"line":26,"column":46}},"7":{"start":{"line":27,"column":18},"end":{"line":27,"column":67}},"8":{"start":{"line":27,"column":29},"end":{"line":27,"column":67}},"9":{"start":{"line":28,"column":31},"end":{"line":28,"column":61}},"10":{"start":{"line":29,"column":35},"end":{"line":29,"column":55}},"11":{"start":{"line":31,"column":19},"end":{"line":50,"column":3}},"12":{"start":{"line":32,"column":4},"end":{"line":49,"column":5}},"13":{"start":{"line":33,"column":6},"end":{"line":33,"column":55}},"14":{"start":{"line":34,"column":6},"end":{"line":34,"column":19}},"15":{"start":{"line":35,"column":6},"end":{"line":35,"column":22}},"16":{"start":{"line":36,"column":11},"end":{"line":49,"column":5}},"17":{"start":{"line":37,"column":6},"end":{"line":37,"column":42}},"18":{"start":{"line":38,"column":6},"end":{"line":38,"column":19}},"19":{"start":{"line":39,"column":6},"end":{"line":39,"column":22}},"20":{"start":{"line":40,"column":11},"end":{"line":49,"column":5}},"21":{"start":{"line":41,"column":6},"end":{"line":41,"column":38}},"22":{"start":{"line":42,"column":6},"end":{"line":42,"column":19}},"23":{"start":{"line":43,"column":6},"end":{"line":43,"column":22}},"24":{"start":{"line":45,"column":6},"end":{"line":45,"column":36}},"25":{"start":{"line":46,"column":6},"end":{"line":46,"column":19}},"26":{"start":{"line":47,"column":6},"end":{"line":47,"column":22}},"27":{"start":{"line":48,"column":6},"end":{"line":48,"column":37}},"28":{"start":{"line":52,"column":2},"end":{"line":92,"column":4}},"29":{"start":{"line":64,"column":39},"end":{"line":64,"column":54}},"30":{"start":{"line":74,"column":42},"end":{"line":74,"column":63}},"31":{"start":{"line":84,"column":29},"end":{"line":84,"column":59}},"32":{"start":{"line":95,"column":15},"end":{"line":143,"column":2}}},"fnMap":{"0":{"name":"(anonymous_0)","decl":{"start":{"line":19,"column":20},"end":{"line":19,"column":21}},"loc":{"start":{"line":19,"column":40},"end":{"line":93,"column":1}},"line":19},"1":{"name":"(anonymous_1)","decl":{"start":{"line":27,"column":18},"end":{"line":27,"column":19}},"loc":{"start":{"line":27,"column":29},"end":{"line":27,"column":67}},"line":27},"2":{"name":"(anonymous_2)","decl":{"start":{"line":31,"column":19},"end":{"line":31,"column":20}},"loc":{"start":{"line":31,"column":31},"end":{"line":50,"column":3}},"line":31},"3":{"name":"(anonymous_3)","decl":{"start":{"line":64,"column":28},"end":{"line":64,"column":29}},"loc":{"start":{"line":64,"column":39},"end":{"line":64,"column":54}},"line":64},"4":{"name":"(anonymous_4)","decl":{"start":{"line":74,"column":28},"end":{"line":74,"column":29}},"loc":{"start":{"line":74,"column":42},"end":{"line":74,"column":63}},"line":74},"5":{"name":"(anonymous_5)","decl":{"start":{"line":84,"column":23},"end":{"line":84,"column":24}},"loc":{"start":{"line":84,"column":29},"end":{"line":84,"column":59}},"line":84}},"branchMap":{"0":{"loc":{"start":{"line":32,"column":4},"end":{"line":49,"column":5}},"type":"if","locations":[{"start":{"line":32,"column":4},"end":{"line":49,"column":5}},{"start":{"line":32,"column":4},"end":{"line":49,"column":5}}],"line":32},"1":{"loc":{"start":{"line":32,"column":8},"end":{"line":32,"column":27}},"type":"binary-expr","locations":[{"start":{"line":32,"column":8},"end":{"line":32,"column":17}},{"start":{"line":32,"column":21},"end":{"line":32,"column":27}}],"line":32},"2":{"loc":{"start":{"line":36,"column":11},"end":{"line":49,"column":5}},"type":"if","locations":[{"start":{"line":36,"column":11},"end":{"line":49,"column":5}},{"start":{"line":36,"column":11},"end":{"line":49,"column":5}}],"line":36},"3":{"loc":{"start":{"line":40,"column":11},"end":{"line":49,"column":5}},"type":"if","locations":[{"start":{"line":40,"column":11},"end":{"line":49,"column":5}},{"start":{"line":40,"column":11},"end":{"line":49,"column":5}}],"line":40}},"s":{"0":0,"1":0,"2":0,"3":0,"4":0,"5":0,"6":0,"7":0,"8":0,"9":0,"10":0,"11":0,"12":0,"13":0,"14":0,"15":0,"16":0,"17":0,"18":0,"19":0,"20":0,"21":0,"22":0,"23":0,"24":0,"25":0,"26":0,"27":0,"28":0,"29":0,"30":0,"31":0,"32":0},"f":{"0":0,"1":0,"2":0,"3":0,"4":0,"5":0},"b":{"0":[0,0],"1":[0,0],"2":[0,0],"3":[0,0]}}
,"E:\\Program Files (x86)\\git rep\\agilecalendar\\src\\screens\\LoginScreen\\index.js": {"path":"E:\\Program Files (x86)\\git rep\\agilecalendar\\src\\screens\\LoginScreen\\index.js","statementMap":{},"fnMap":{},"branchMap":{},"s":{},"f":{},"b":{}}
,"E:\\Program Files (x86)\\git rep\\agilecalendar\\src\\screens\\SignUp\\SignUp.js": {"path":"E:\\Program Files (x86)\\git rep\\agilecalendar\\src\\screens\\SignUp\\SignUp.js","statementMap":{"0":{"start":{"line":16,"column":36},"end":{"line":16,"column":48}},"1":{"start":{"line":17,"column":34},"end":{"line":17,"column":46}},"2":{"start":{"line":18,"column":28},"end":{"line":18,"column":40}},"3":{"start":{"line":19,"column":34},"end":{"line":19,"column":46}},"4":{"start":{"line":20,"column":48},"end":{"line":20,"column":60}},"5":{"start":{"line":22,"column":21},"end":{"line":28,"column":3}},"6":{"start":{"line":23,"column":4},"end":{"line":23,"column":21}},"7":{"start":{"line":24,"column":4},"end":{"line":24,"column":20}},"8":{"start":{"line":25,"column":4},"end":{"line":25,"column":17}},"9":{"start":{"line":26,"column":4},"end":{"line":26,"column":20}},"10":{"start":{"line":27,"column":4},"end":{"line":27,"column":27}},"11":{"start":{"line":30,"column":22},"end":{"line":47,"column":3}},"12":{"start":{"line":31,"column":4},"end":{"line":46,"column":5}},"13":{"start":{"line":32,"column":6},"end":{"line":32,"column":44}},"14":{"start":{"line":33,"column":11},"end":{"line":46,"column":5}},"15":{"start":{"line":34,"column":6},"end":{"line":34,"column":46}},"16":{"start":{"line":35,"column":11},"end":{"line":46,"column":5}},"17":{"start":{"line":36,"column":6},"end":{"line":36,"column":49}},"18":{"start":{"line":37,"column":11},"end":{"line":46,"column":5}},"19":{"start":{"line":38,"column":6},"end":{"line":38,"column":22}},"20":{"start":{"line":39,"column":6},"end":{"line":39,"column":57}},"21":{"start":{"line":40,"column":11},"end":{"line":46,"column":5}},"22":{"start":{"line":41,"column":6},"end":{"line":41,"column":46}},"23":{"start":{"line":43,"column":6},"end":{"line":43,"column":57}},"24":{"start":{"line":44,"column":6},"end":{"line":44,"column":37}},"25":{"start":{"line":45,"column":6},"end":{"line":45,"column":19}},"26":{"start":{"line":49,"column":2},"end":{"line":112,"column":4}},"27":{"start":{"line":61,"column":38},"end":{"line":61,"column":56}},"28":{"start":{"line":68,"column":38},"end":{"line":68,"column":55}},"29":{"start":{"line":76,"column":39},"end":{"line":76,"column":54}},"30":{"start":{"line":86,"column":42},"end":{"line":86,"column":63}},"31":{"start":{"line":94,"column":43},"end":{"line":94,"column":72}},"32":{"start":{"line":104,"column":29},"end":{"line":104,"column":57}},"33":{"start":{"line":115,"column":15},"end":{"line":162,"column":2}}},"fnMap":{"0":{"name":"SignUp","decl":{"start":{"line":15,"column":24},"end":{"line":15,"column":30}},"loc":{"start":{"line":15,"column":47},"end":{"line":113,"column":1}},"line":15},"1":{"name":"(anonymous_1)","decl":{"start":{"line":22,"column":21},"end":{"line":22,"column":22}},"loc":{"start":{"line":22,"column":27},"end":{"line":28,"column":3}},"line":22},"2":{"name":"(anonymous_2)","decl":{"start":{"line":30,"column":22},"end":{"line":30,"column":23}},"loc":{"start":{"line":30,"column":28},"end":{"line":47,"column":3}},"line":30},"3":{"name":"(anonymous_3)","decl":{"start":{"line":61,"column":28},"end":{"line":61,"column":29}},"loc":{"start":{"line":61,"column":38},"end":{"line":61,"column":56}},"line":61},"4":{"name":"(anonymous_4)","decl":{"start":{"line":68,"column":28},"end":{"line":68,"column":29}},"loc":{"start":{"line":68,"column":38},"end":{"line":68,"column":55}},"line":68},"5":{"name":"(anonymous_5)","decl":{"start":{"line":76,"column":28},"end":{"line":76,"column":29}},"loc":{"start":{"line":76,"column":39},"end":{"line":76,"column":54}},"line":76},"6":{"name":"(anonymous_6)","decl":{"start":{"line":86,"column":28},"end":{"line":86,"column":29}},"loc":{"start":{"line":86,"column":42},"end":{"line":86,"column":63}},"line":86},"7":{"name":"(anonymous_7)","decl":{"start":{"line":94,"column":28},"end":{"line":94,"column":29}},"loc":{"start":{"line":94,"column":43},"end":{"line":94,"column":72}},"line":94},"8":{"name":"(anonymous_8)","decl":{"start":{"line":104,"column":23},"end":{"line":104,"column":24}},"loc":{"start":{"line":104,"column":29},"end":{"line":104,"column":57}},"line":104}},"branchMap":{"0":{"loc":{"start":{"line":31,"column":4},"end":{"line":46,"column":5}},"type":"if","locations":[{"start":{"line":31,"column":4},"end":{"line":46,"column":5}},{"start":{"line":31,"column":4},"end":{"line":46,"column":5}}],"line":31},"1":{"loc":{"start":{"line":33,"column":11},"end":{"line":46,"column":5}},"type":"if","locations":[{"start":{"line":33,"column":11},"end":{"line":46,"column":5}},{"start":{"line":33,"column":11},"end":{"line":46,"column":5}}],"line":33},"2":{"loc":{"start":{"line":35,"column":11},"end":{"line":46,"column":5}},"type":"if","locations":[{"start":{"line":35,"column":11},"end":{"line":46,"column":5}},{"start":{"line":35,"column":11},"end":{"line":46,"column":5}}],"line":35},"3":{"loc":{"start":{"line":37,"column":11},"end":{"line":46,"column":5}},"type":"if","locations":[{"start":{"line":37,"column":11},"end":{"line":46,"column":5}},{"start":{"line":37,"column":11},"end":{"line":46,"column":5}}],"line":37},"4":{"loc":{"start":{"line":40,"column":11},"end":{"line":46,"column":5}},"type":"if","locations":[{"start":{"line":40,"column":11},"end":{"line":46,"column":5}},{"start":{"line":40,"column":11},"end":{"line":46,"column":5}}],"line":40}},"s":{"0":0,"1":0,"2":0,"3":0,"4":0,"5":0,"6":0,"7":0,"8":0,"9":0,"10":0,"11":0,"12":0,"13":0,"14":0,"15":0,"16":0,"17":0,"18":0,"19":0,"20":0,"21":0,"22":0,"23":0,"24":0,"25":0,"26":0,"27":0,"28":0,"29":0,"30":0,"31":0,"32":0,"33":0},"f":{"0":0,"1":0,"2":0,"3":0,"4":0,"5":0,"6":0,"7":0,"8":0},"b":{"0":[0,0],"1":[0,0],"2":[0,0],"3":[0,0],"4":[0,0]}}
,"E:\\Program Files (x86)\\git rep\\agilecalendar\\src\\screens\\SignUp\\index.js": {"path":"E:\\Program Files (x86)\\git rep\\agilecalendar\\src\\screens\\SignUp\\index.js","statementMap":{},"fnMap":{},"branchMap":{},"s":{},"f":{},"b":{}}
}
