{"E:\\Program Files (x86)\\git rep\\agilecalendar\\src\\screens\\HomeScreen\\HomeScreen.js": {"path":"E:\\Program Files (x86)\\git rep\\agilecalendar\\src\\screens\\HomeScreen\\HomeScreen.js","statementMap":{"0":{"start":{"line":30,"column":4},"end":{"line":30,"column":17}},"1":{"start":{"line":31,"column":4},"end":{"line":97,"column":6}},"2":{"start":{"line":143,"column":4},"end":{"line":161,"column":5}},"3":{"start":{"line":143,"column":17},"end":{"line":143,"column":18}},"4":{"start":{"line":144,"column":6},"end":{"line":160,"column":7}},"5":{"start":{"line":145,"column":19},"end":{"line":145,"column":66}},"6":{"start":{"line":146,"column":8},"end":{"line":159,"column":9}},"7":{"start":{"line":146,"column":21},"end":{"line":146,"column":22}},"8":{"start":{"line":147,"column":25},"end":{"line":147,"column":36}},"9":{"start":{"line":148,"column":10},"end":{"line":155,"column":11}},"10":{"start":{"line":152,"column":12},"end":{"line":152,"column":47}},"11":{"start":{"line":154,"column":12},"end":{"line":154,"column":69}},"12":{"start":{"line":156,"column":10},"end":{"line":158,"column":78}},"13":{"start":{"line":165,"column":4},"end":{"line":174,"column":5}},"14":{"start":{"line":165,"column":17},"end":{"line":165,"column":18}},"15":{"start":{"line":166,"column":6},"end":{"line":173,"column":7}},"16":{"start":{"line":170,"column":8},"end":{"line":172,"column":9}},"17":{"start":{"line":171,"column":10},"end":{"line":171,"column":20}},"18":{"start":{"line":175,"column":4},"end":{"line":175,"column":13}},"19":{"start":{"line":179,"column":4},"end":{"line":186,"column":7}},"20":{"start":{"line":187,"column":4},"end":{"line":187,"column":28}},"21":{"start":{"line":202,"column":4},"end":{"line":215,"column":7}},"22":{"start":{"line":219,"column":4},"end":{"line":221,"column":7}},"23":{"start":{"line":225,"column":4},"end":{"line":265,"column":5}},"24":{"start":{"line":225,"column":17},"end":{"line":225,"column":18}},"25":{"start":{"line":226,"column":6},"end":{"line":264,"column":7}},"26":{"start":{"line":226,"column":19},"end":{"line":226,"column":20}},"27":{"start":{"line":227,"column":8},"end":{"line":263,"column":9}},"28":{"start":{"line":231,"column":10},"end":{"line":262,"column":12}},"29":{"start":{"line":235,"column":16},"end":{"line":246,"column":18}},"30":{"start":{"line":266,"column":4},"end":{"line":270,"column":6}},"31":{"start":{"line":273,"column":17},"end":{"line":277,"column":3}},"32":{"start":{"line":274,"column":4},"end":{"line":276,"column":7}},"33":{"start":{"line":280,"column":23},"end":{"line":280,"column":24}},"34":{"start":{"line":281,"column":21},"end":{"line":281,"column":22}},"35":{"start":{"line":282,"column":4},"end":{"line":289,"column":5}},"36":{"start":{"line":282,"column":17},"end":{"line":282,"column":18}},"37":{"start":{"line":283,"column":6},"end":{"line":285,"column":7}},"38":{"start":{"line":284,"column":8},"end":{"line":284,"column":25}},"39":{"start":{"line":286,"column":6},"end":{"line":288,"column":7}},"40":{"start":{"line":287,"column":8},"end":{"line":287,"column":25}},"41":{"start":{"line":290,"column":4},"end":{"line":296,"column":5}},"42":{"start":{"line":291,"column":6},"end":{"line":291,"column":49}},"43":{"start":{"line":292,"column":6},"end":{"line":292,"column":49}},"44":{"start":{"line":294,"column":6},"end":{"line":294,"column":49}},"45":{"start":{"line":295,"column":6},"end":{"line":295,"column":49}},"46":{"start":{"line":308,"column":8},"end":{"line":308,"column":18}},"47":{"start":{"line":310,"column":16},"end":{"line":310,"column":65}},"48":{"start":{"line":311,"column":16},"end":{"line":311,"column":79}},"49":{"start":{"line":312,"column":16},"end":{"line":312,"column":79}},"50":{"start":{"line":313,"column":16},"end":{"line":313,"column":79}},"51":{"start":{"line":314,"column":16},"end":{"line":314,"column":79}},"52":{"start":{"line":315,"column":16},"end":{"line":315,"column":79}},"53":{"start":{"line":316,"column":16},"end":{"line":316,"column":79}},"54":{"start":{"line":317,"column":4},"end":{"line":317,"column":23}},"55":{"start":{"line":318,"column":4},"end":{"line":324,"column":5}},"56":{"start":{"line":319,"column":6},"end":{"line":323,"column":8}},"57":{"start":{"line":326,"column":4},"end":{"line":488,"column":6}},"58":{"start":{"line":340,"column":14},"end":{"line":350,"column":23}},"59":{"start":{"line":360,"column":31},"end":{"line":360,"column":47}},"60":{"start":{"line":379,"column":31},"end":{"line":379,"column":46}},"61":{"start":{"line":391,"column":31},"end":{"line":391,"column":44}},"62":{"start":{"line":400,"column":31},"end":{"line":400,"column":74}},"63":{"start":{"line":410,"column":12},"end":{"line":414,"column":14}},"64":{"start":{"line":422,"column":16},"end":{"line":426,"column":18}},"65":{"start":{"line":435,"column":16},"end":{"line":435,"column":62}},"66":{"start":{"line":441,"column":16},"end":{"line":441,"column":62}},"67":{"start":{"line":447,"column":16},"end":{"line":447,"column":62}},"68":{"start":{"line":453,"column":16},"end":{"line":453,"column":62}},"69":{"start":{"line":459,"column":16},"end":{"line":459,"column":62}},"70":{"start":{"line":465,"column":16},"end":{"line":465,"column":62}},"71":{"start":{"line":471,"column":16},"end":{"line":471,"column":62}},"72":{"start":{"line":478,"column":18},"end":{"line":478,"column":65}},"73":{"start":{"line":492,"column":15},"end":{"line":580,"column":2}}},"fnMap":{"0":{"name":"(anonymous_0)","decl":{"start":{"line":25,"column":2},"end":{"line":25,"column":3}},"loc":{"start":{"line":25,"column":21},"end":{"line":98,"column":3}},"line":25},"1":{"name":"(anonymous_1)","decl":{"start":{"line":142,"column":2},"end":{"line":142,"column":3}},"loc":{"start":{"line":142,"column":16},"end":{"line":162,"column":3}},"line":142},"2":{"name":"(anonymous_2)","decl":{"start":{"line":164,"column":2},"end":{"line":164,"column":3}},"loc":{"start":{"line":164,"column":31},"end":{"line":176,"column":3}},"line":164},"3":{"name":"(anonymous_3)","decl":{"start":{"line":178,"column":2},"end":{"line":178,"column":3}},"loc":{"start":{"line":178,"column":19},"end":{"line":188,"column":3}},"line":178},"4":{"name":"(anonymous_4)","decl":{"start":{"line":190,"column":2},"end":{"line":190,"column":3}},"loc":{"start":{"line":201,"column":4},"end":{"line":216,"column":3}},"line":201},"5":{"name":"(anonymous_5)","decl":{"start":{"line":218,"column":2},"end":{"line":218,"column":3}},"loc":{"start":{"line":218,"column":26},"end":{"line":222,"column":3}},"line":218},"6":{"name":"(anonymous_6)","decl":{"start":{"line":224,"column":2},"end":{"line":224,"column":3}},"loc":{"start":{"line":224,"column":41},"end":{"line":271,"column":3}},"line":224},"7":{"name":"(anonymous_7)","decl":{"start":{"line":234,"column":24},"end":{"line":234,"column":25}},"loc":{"start":{"line":234,"column":35},"end":{"line":247,"column":15}},"line":234},"8":{"name":"(anonymous_8)","decl":{"start":{"line":273,"column":17},"end":{"line":273,"column":18}},"loc":{"start":{"line":273,"column":28},"end":{"line":277,"column":3}},"line":273},"9":{"name":"(anonymous_9)","decl":{"start":{"line":279,"column":2},"end":{"line":279,"column":3}},"loc":{"start":{"line":279,"column":21},"end":{"line":297,"column":3}},"line":279},"10":{"name":"(anonymous_10)","decl":{"start":{"line":299,"column":2},"end":{"line":299,"column":3}},"loc":{"start":{"line":299,"column":11},"end":{"line":489,"column":3}},"line":299},"11":{"name":"(anonymous_11)","decl":{"start":{"line":339,"column":40},"end":{"line":339,"column":41}},"loc":{"start":{"line":339,"column":57},"end":{"line":351,"column":13}},"line":339},"12":{"name":"(anonymous_12)","decl":{"start":{"line":360,"column":25},"end":{"line":360,"column":26}},"loc":{"start":{"line":360,"column":31},"end":{"line":360,"column":47}},"line":360},"13":{"name":"(anonymous_13)","decl":{"start":{"line":379,"column":25},"end":{"line":379,"column":26}},"loc":{"start":{"line":379,"column":31},"end":{"line":379,"column":46}},"line":379},"14":{"name":"(anonymous_14)","decl":{"start":{"line":391,"column":25},"end":{"line":391,"column":26}},"loc":{"start":{"line":391,"column":31},"end":{"line":391,"column":44}},"line":391},"15":{"name":"(anonymous_15)","decl":{"start":{"line":400,"column":25},"end":{"line":400,"column":26}},"loc":{"start":{"line":400,"column":31},"end":{"line":400,"column":74}},"line":400},"16":{"name":"(anonymous_16)","decl":{"start":{"line":409,"column":31},"end":{"line":409,"column":32}},"loc":{"start":{"line":409,"column":48},"end":{"line":415,"column":11}},"line":409},"17":{"name":"(anonymous_17)","decl":{"start":{"line":421,"column":36},"end":{"line":421,"column":37}},"loc":{"start":{"line":421,"column":53},"end":{"line":427,"column":15}},"line":421},"18":{"name":"(anonymous_18)","decl":{"start":{"line":434,"column":36},"end":{"line":434,"column":37}},"loc":{"start":{"line":434,"column":53},"end":{"line":436,"column":15}},"line":434},"19":{"name":"(anonymous_19)","decl":{"start":{"line":440,"column":36},"end":{"line":440,"column":37}},"loc":{"start":{"line":440,"column":53},"end":{"line":442,"column":15}},"line":440},"20":{"name":"(anonymous_20)","decl":{"start":{"line":446,"column":36},"end":{"line":446,"column":37}},"loc":{"start":{"line":446,"column":53},"end":{"line":448,"column":15}},"line":446},"21":{"name":"(anonymous_21)","decl":{"start":{"line":452,"column":36},"end":{"line":452,"column":37}},"loc":{"start":{"line":452,"column":53},"end":{"line":454,"column":15}},"line":452},"22":{"name":"(anonymous_22)","decl":{"start":{"line":458,"column":36},"end":{"line":458,"column":37}},"loc":{"start":{"line":458,"column":53},"end":{"line":460,"column":15}},"line":458},"23":{"name":"(anonymous_23)","decl":{"start":{"line":464,"column":36},"end":{"line":464,"column":37}},"loc":{"start":{"line":464,"column":53},"end":{"line":466,"column":15}},"line":464},"24":{"name":"(anonymous_24)","decl":{"start":{"line":470,"column":36},"end":{"line":470,"column":37}},"loc":{"start":{"line":470,"column":53},"end":{"line":472,"column":15}},"line":470},"25":{"name":"(anonymous_25)","decl":{"start":{"line":477,"column":26},"end":{"line":477,"column":27}},"loc":{"start":{"line":477,"column":37},"end":{"line":479,"column":17}},"line":477}},"branchMap":{"0":{"loc":{"start":{"line":144,"column":6},"end":{"line":160,"column":7}},"type":"if","locations":[{"start":{"line":144,"column":6},"end":{"line":160,"column":7}},{"start":{"line":144,"column":6},"end":{"line":160,"column":7}}],"line":144},"1":{"loc":{"start":{"line":148,"column":10},"end":{"line":155,"column":11}},"type":"if","locations":[{"start":{"line":148,"column":10},"end":{"line":155,"column":11}},{"start":{"line":148,"column":10},"end":{"line":155,"column":11}}],"line":148},"2":{"loc":{"start":{"line":149,"column":12},"end":{"line":150,"column":69}},"type":"binary-expr","locations":[{"start":{"line":149,"column":12},"end":{"line":149,"column":25}},{"start":{"line":150,"column":12},"end":{"line":150,"column":69}}],"line":149},"3":{"loc":{"start":{"line":166,"column":6},"end":{"line":173,"column":7}},"type":"if","locations":[{"start":{"line":166,"column":6},"end":{"line":173,"column":7}},{"start":{"line":166,"column":6},"end":{"line":173,"column":7}}],"line":166},"4":{"loc":{"start":{"line":167,"column":8},"end":{"line":168,"column":57}},"type":"binary-expr","locations":[{"start":{"line":167,"column":8},"end":{"line":167,"column":59}},{"start":{"line":168,"column":8},"end":{"line":168,"column":57}}],"line":167},"5":{"loc":{"start":{"line":170,"column":8},"end":{"line":172,"column":9}},"type":"if","locations":[{"start":{"line":170,"column":8},"end":{"line":172,"column":9}},{"start":{"line":170,"column":8},"end":{"line":172,"column":9}}],"line":170},"6":{"loc":{"start":{"line":227,"column":8},"end":{"line":263,"column":9}},"type":"if","locations":[{"start":{"line":227,"column":8},"end":{"line":263,"column":9}},{"start":{"line":227,"column":8},"end":{"line":263,"column":9}}],"line":227},"7":{"loc":{"start":{"line":228,"column":10},"end":{"line":229,"column":44}},"type":"binary-expr","locations":[{"start":{"line":228,"column":10},"end":{"line":228,"column":49}},{"start":{"line":229,"column":10},"end":{"line":229,"column":44}}],"line":228},"8":{"loc":{"start":{"line":283,"column":6},"end":{"line":285,"column":7}},"type":"if","locations":[{"start":{"line":283,"column":6},"end":{"line":285,"column":7}},{"start":{"line":283,"column":6},"end":{"line":285,"column":7}}],"line":283},"9":{"loc":{"start":{"line":286,"column":6},"end":{"line":288,"column":7}},"type":"if","locations":[{"start":{"line":286,"column":6},"end":{"line":288,"column":7}},{"start":{"line":286,"column":6},"end":{"line":288,"column":7}}],"line":286},"10":{"loc":{"start":{"line":290,"column":4},"end":{"line":296,"column":5}},"type":"if","locations":[{"start":{"line":290,"column":4},"end":{"line":296,"column":5}},{"start":{"line":290,"column":4},"end":{"line":296,"column":5}}],"line":290},"11":{"loc":{"start":{"line":318,"column":4},"end":{"line":324,"column":5}},"type":"if","locations":[{"start":{"line":318,"column":4},"end":{"line":324,"column":5}},{"start":{"line":318,"column":4},"end":{"line":324,"column":5}}],"line":318},"12":{"loc":{"start":{"line":340,"column":21},"end":{"line":350,"column":22}},"type":"cond-expr","locations":[{"start":{"line":341,"column":16},"end":{"line":349,"column":23}},{"start":{"line":350,"column":18},"end":{"line":350,"column":22}}],"line":340}},"s":{"0":0,"1":0,"2":0,"3":0,"4":0,"5":0,"6":0,"7":0,"8":0,"9":0,"10":0,"11":0,"12":0,"13":0,"14":0,"15":0,"16":0,"17":0,"18":0,"19":0,"20":0,"21":0,"22":0,"23":0,"24":0,"25":0,"26":0,"27":0,"28":0,"29":0,"30":0,"31":0,"32":0,"33":0,"34":0,"35":0,"36":0,"37":0,"38":0,"39":0,"40":0,"41":0,"42":0,"43":0,"44":0,"45":0,"46":0,"47":0,"48":0,"49":0,"50":0,"51":0,"52":0,"53":0,"54":0,"55":0,"56":0,"57":0,"58":0,"59":0,"60":0,"61":0,"62":0,"63":0,"64":0,"65":0,"66":0,"67":0,"68":0,"69":0,"70":0,"71":0,"72":0,"73":0},"f":{"0":0,"1":0,"2":0,"3":0,"4":0,"5":0,"6":0,"7":0,"8":0,"9":0,"10":0,"11":0,"12":0,"13":0,"14":0,"15":0,"16":0,"17":0,"18":0,"19":0,"20":0,"21":0,"22":0,"23":0,"24":0,"25":0},"b":{"0":[0,0],"1":[0,0],"2":[0,0],"3":[0,0],"4":[0,0],"5":[0,0],"6":[0,0],"7":[0,0],"8":[0,0],"9":[0,0],"10":[0,0],"11":[0,0],"12":[0,0]}}
}
