TN:
SF:src\screens\HomeScreen\HomeScreen.js
FN:25,(anonymous_0)
FN:142,(anonymous_1)
FN:164,(anonymous_2)
FN:178,(anonymous_3)
FN:190,(anonymous_4)
FN:218,(anonymous_5)
FN:224,(anonymous_6)
FN:234,(anonymous_7)
FN:273,(anonymous_8)
FN:279,(anonymous_9)
FN:299,(anonymous_10)
FN:339,(anonymous_11)
FN:360,(anonymous_12)
FN:379,(anonymous_13)
FN:391,(anonymous_14)
FN:400,(anonymous_15)
FN:409,(anonymous_16)
FN:421,(anonymous_17)
FN:434,(anonymous_18)
FN:440,(anonymous_19)
FN:446,(anonymous_20)
FN:452,(anonymous_21)
FN:458,(anonymous_22)
FN:464,(anonymous_23)
FN:470,(anonymous_24)
FN:477,(anonymous_25)
FNF:26
FNH:0
FNDA:0,(anonymous_0)
FNDA:0,(anonymous_1)
FNDA:0,(anonymous_2)
FNDA:0,(anonymous_3)
FNDA:0,(anonymous_4)
FNDA:0,(anonymous_5)
FNDA:0,(anonymous_6)
FNDA:0,(anonymous_7)
FNDA:0,(anonymous_8)
FNDA:0,(anonymous_9)
FNDA:0,(anonymous_10)
FNDA:0,(anonymous_11)
FNDA:0,(anonymous_12)
FNDA:0,(anonymous_13)
FNDA:0,(anonymous_14)
FNDA:0,(anonymous_15)
FNDA:0,(anonymous_16)
FNDA:0,(anonymous_17)
FNDA:0,(anonymous_18)
FNDA:0,(anonymous_19)
FNDA:0,(anonymous_20)
FNDA:0,(anonymous_21)
FNDA:0,(anonymous_22)
FNDA:0,(anonymous_23)
FNDA:0,(anonymous_24)
FNDA:0,(anonymous_25)
DA:30,0
DA:31,0
DA:143,0
DA:144,0
DA:145,0
DA:146,0
DA:147,0
DA:148,0
DA:152,0
DA:154,0
DA:156,0
DA:165,0
DA:166,0
DA:170,0
DA:171,0
DA:175,0
DA:179,0
DA:187,0
DA:202,0
DA:219,0
DA:225,0
DA:226,0
DA:227,0
DA:231,0
DA:235,0
DA:266,0
DA:273,0
DA:274,0
DA:280,0
DA:281,0
DA:282,0
DA:283,0
DA:284,0
DA:286,0
DA:287,0
DA:290,0
DA:291,0
DA:292,0
DA:294,0
DA:295,0
DA:308,0
DA:310,0
DA:311,0
DA:312,0
DA:313,0
DA:314,0
DA:315,0
DA:316,0
DA:317,0
DA:318,0
DA:319,0
DA:326,0
DA:340,0
DA:360,0
DA:379,0
DA:391,0
DA:400,0
DA:410,0
DA:422,0
DA:435,0
DA:441,0
DA:447,0
DA:453,0
DA:459,0
DA:465,0
DA:471,0
DA:478,0
DA:492,0
LF:68
LH:0
BRDA:144,0,0,0
BRDA:144,0,1,0
BRDA:148,1,0,0
BRDA:148,1,1,0
BRDA:149,2,0,0
BRDA:149,2,1,0
BRDA:166,3,0,0
BRDA:166,3,1,0
BRDA:167,4,0,0
BRDA:167,4,1,0
BRDA:170,5,0,0
BRDA:170,5,1,0
BRDA:227,6,0,0
BRDA:227,6,1,0
BRDA:228,7,0,0
BRDA:228,7,1,0
BRDA:283,8,0,0
BRDA:283,8,1,0
BRDA:286,9,0,0
BRDA:286,9,1,0
BRDA:290,10,0,0
BRDA:290,10,1,0
BRDA:318,11,0,0
BRDA:318,11,1,0
BRDA:340,12,0,0
BRDA:340,12,1,0
BRF:26
BRH:0
end_of_record
