TN:
SF:App.js
FN:13,(anonymous_0)
FNF:1
FNH:0
FNDA:0,(anonymous_0)
DA:11,0
DA:13,0
DA:14,0
DA:15,0
DA:16,0
DA:17,0
DA:18,0
DA:21,0
DA:32,0
LF:9
LH:0
BRDA:16,0,0,0
BRDA:16,0,1,0
BRF:2
BRH:0
end_of_record
TN:
SF:src\API\firebaseMethods.js
FN:5,registration
FN:24,signIn
FN:33,loggingOut
FNF:3
FNH:0
FNDA:0,registration
FNDA:0,signIn
FNDA:0,loggingOut
DA:6,0
DA:7,0
DA:8,0
DA:10,0
DA:11,0
DA:17,0
DA:25,0
DA:26,0
DA:28,0
DA:30,0
DA:34,0
DA:35,0
DA:37,0
LF:13
LH:0
BRF:0
BRH:0
end_of_record
TN:
SF:src\components\index.js
FNF:0
FNH:0
LF:0
LH:0
BRF:0
BRH:0
end_of_record
TN:
SF:src\components\Button\index.js
FN:4,(anonymous_0)
FNF:1
FNH:0
FNDA:0,(anonymous_0)
DA:4,0
DA:5,0
DA:12,0
LF:3
LH:0
BRF:0
BRH:0
end_of_record
TN:
SF:src\components\Draggable\index.js
FN:14,(anonymous_0)
FN:34,(anonymous_1)
FN:39,(anonymous_2)
FN:95,(anonymous_3)
FN:104,(anonymous_4)
FN:120,(anonymous_5)
FN:151,(anonymous_6)
FN:182,(anonymous_7)
FN:213,(anonymous_8)
FN:244,(anonymous_9)
FN:275,(anonymous_10)
FN:306,(anonymous_11)
FN:337,(anonymous_12)
FN:340,(anonymous_13)
FN:343,(anonymous_14)
FN:346,(anonymous_15)
FN:349,(anonymous_16)
FN:352,(anonymous_17)
FN:355,(anonymous_18)
FN:359,(anonymous_19)
FN:367,(anonymous_20)
FN:405,(anonymous_21)
FN:430,(anonymous_22)
FN:479,(anonymous_23)
FN:483,(anonymous_24)
FNF:25
FNH:4
FNDA:1,(anonymous_0)
FNDA:0,(anonymous_1)
FNDA:0,(anonymous_2)
FNDA:0,(anonymous_3)
FNDA:0,(anonymous_4)
FNDA:0,(anonymous_5)
FNDA:0,(anonymous_6)
FNDA:0,(anonymous_7)
FNDA:0,(anonymous_8)
FNDA:0,(anonymous_9)
FNDA:0,(anonymous_10)
FNDA:0,(anonymous_11)
FNDA:0,(anonymous_12)
FNDA:0,(anonymous_13)
FNDA:0,(anonymous_14)
FNDA:0,(anonymous_15)
FNDA:0,(anonymous_16)
FNDA:0,(anonymous_17)
FNDA:0,(anonymous_18)
FNDA:0,(anonymous_19)
FNDA:1,(anonymous_20)
FNDA:0,(anonymous_21)
FNDA:0,(anonymous_22)
FNDA:1,(anonymous_23)
FNDA:1,(anonymous_24)
DA:15,1
DA:16,1
DA:17,1
DA:33,1
DA:34,0
DA:40,0
DA:44,0
DA:52,0
DA:55,0
DA:58,0
DA:61,0
DA:64,0
DA:67,0
DA:70,0
DA:71,0
DA:72,0
DA:73,0
DA:74,0
DA:75,0
DA:76,0
DA:81,0
DA:96,0
DA:97,0
DA:98,0
DA:99,0
DA:100,0
DA:105,0
DA:106,0
DA:108,0
DA:109,0
DA:111,0
DA:112,0
DA:114,0
DA:115,0
DA:121,0
DA:122,0
DA:123,0
DA:124,0
DA:125,0
DA:126,0
DA:132,0
DA:133,0
DA:134,0
DA:135,0
DA:136,0
DA:137,0
DA:138,0
DA:141,0
DA:142,0
DA:143,0
DA:144,0
DA:145,0
DA:152,0
DA:153,0
DA:154,0
DA:155,0
DA:156,0
DA:157,0
DA:163,0
DA:164,0
DA:165,0
DA:166,0
DA:167,0
DA:168,0
DA:169,0
DA:172,0
DA:173,0
DA:174,0
DA:175,0
DA:176,0
DA:183,0
DA:184,0
DA:185,0
DA:186,0
DA:187,0
DA:188,0
DA:194,0
DA:195,0
DA:196,0
DA:197,0
DA:198,0
DA:199,0
DA:200,0
DA:203,0
DA:204,0
DA:205,0
DA:206,0
DA:207,0
DA:214,0
DA:215,0
DA:216,0
DA:217,0
DA:218,0
DA:219,0
DA:225,0
DA:226,0
DA:227,0
DA:228,0
DA:229,0
DA:230,0
DA:231,0
DA:234,0
DA:235,0
DA:236,0
DA:237,0
DA:238,0
DA:245,0
DA:246,0
DA:247,0
DA:248,0
DA:249,0
DA:250,0
DA:256,0
DA:257,0
DA:258,0
DA:259,0
DA:260,0
DA:261,0
DA:262,0
DA:265,0
DA:266,0
DA:267,0
DA:268,0
DA:269,0
DA:276,0
DA:277,0
DA:278,0
DA:279,0
DA:280,0
DA:281,0
DA:287,0
DA:288,0
DA:289,0
DA:290,0
DA:291,0
DA:292,0
DA:293,0
DA:296,0
DA:297,0
DA:298,0
DA:299,0
DA:300,0
DA:307,0
DA:308,0
DA:309,0
DA:310,0
DA:311,0
DA:312,0
DA:318,0
DA:319,0
DA:320,0
DA:321,0
DA:322,0
DA:323,0
DA:324,0
DA:327,0
DA:328,0
DA:329,0
DA:330,0
DA:331,0
DA:338,0
DA:341,0
DA:344,0
DA:347,0
DA:350,0
DA:353,0
DA:356,0
DA:359,1
DA:360,0
DA:361,0
DA:362,0
DA:368,1
DA:384,1
DA:385,1
DA:386,1
DA:390,1
DA:391,1
DA:393,1
DA:394,1
DA:395,1
DA:396,1
DA:397,1
DA:401,1
DA:402,1
DA:403,1
DA:404,1
DA:405,1
DA:406,0
DA:407,0
DA:408,0
DA:411,1
DA:412,1
DA:413,1
DA:420,0
DA:421,0
DA:423,1
DA:426,1
DA:431,0
DA:432,0
DA:437,0
DA:438,0
DA:447,0
DA:449,0
DA:450,0
DA:451,0
DA:455,0
DA:460,0
DA:461,0
DA:466,0
DA:467,0
DA:480,1
DA:484,1
DA:486,1
DA:490,1
DA:501,1
LF:215
LH:31
BRDA:40,0,0,0
BRDA:40,0,1,0
BRDA:70,1,0,0
BRDA:70,1,1,0
BRDA:71,2,0,0
BRDA:71,2,1,0
BRDA:72,3,0,0
BRDA:72,3,1,0
BRDA:73,4,0,0
BRDA:73,4,1,0
BRDA:74,5,0,0
BRDA:74,5,1,0
BRDA:75,6,0,0
BRDA:75,6,1,0
BRDA:76,7,0,0
BRDA:76,7,1,0
BRDA:96,8,0,0
BRDA:96,8,1,0
BRDA:97,9,0,0
BRDA:97,9,1,0
BRDA:98,10,0,0
BRDA:98,10,1,0
BRDA:99,11,0,0
BRDA:99,11,1,0
BRDA:105,12,0,0
BRDA:105,12,1,0
BRDA:108,13,0,0
BRDA:108,13,1,0
BRDA:111,14,0,0
BRDA:111,14,1,0
BRDA:114,15,0,0
BRDA:114,15,1,0
BRDA:121,16,0,0
BRDA:121,16,1,0
BRDA:126,17,0,0
BRDA:126,17,1,0
BRDA:127,18,0,0
BRDA:127,18,1,0
BRDA:134,19,0,0
BRDA:134,19,1,0
BRDA:137,20,0,0
BRDA:137,20,1,0
BRDA:152,21,0,0
BRDA:152,21,1,0
BRDA:157,22,0,0
BRDA:157,22,1,0
BRDA:158,23,0,0
BRDA:158,23,1,0
BRDA:165,24,0,0
BRDA:165,24,1,0
BRDA:168,25,0,0
BRDA:168,25,1,0
BRDA:183,26,0,0
BRDA:183,26,1,0
BRDA:188,27,0,0
BRDA:188,27,1,0
BRDA:189,28,0,0
BRDA:189,28,1,0
BRDA:196,29,0,0
BRDA:196,29,1,0
BRDA:199,30,0,0
BRDA:199,30,1,0
BRDA:214,31,0,0
BRDA:214,31,1,0
BRDA:219,32,0,0
BRDA:219,32,1,0
BRDA:220,33,0,0
BRDA:220,33,1,0
BRDA:227,34,0,0
BRDA:227,34,1,0
BRDA:230,35,0,0
BRDA:230,35,1,0
BRDA:245,36,0,0
BRDA:245,36,1,0
BRDA:250,37,0,0
BRDA:250,37,1,0
BRDA:251,38,0,0
BRDA:251,38,1,0
BRDA:258,39,0,0
BRDA:258,39,1,0
BRDA:261,40,0,0
BRDA:261,40,1,0
BRDA:276,41,0,0
BRDA:276,41,1,0
BRDA:281,42,0,0
BRDA:281,42,1,0
BRDA:282,43,0,0
BRDA:282,43,1,0
BRDA:289,44,0,0
BRDA:289,44,1,0
BRDA:292,45,0,0
BRDA:292,45,1,0
BRDA:307,46,0,0
BRDA:307,46,1,0
BRDA:312,47,0,0
BRDA:312,47,1,0
BRDA:313,48,0,0
BRDA:313,48,1,0
BRDA:320,49,0,0
BRDA:320,49,1,0
BRDA:323,50,0,0
BRDA:323,50,1,0
BRDA:338,51,0,0
BRDA:338,51,1,0
BRDA:341,52,0,0
BRDA:341,52,1,0
BRDA:344,53,0,0
BRDA:344,53,1,0
BRDA:347,54,0,0
BRDA:347,54,1,0
BRDA:350,55,0,0
BRDA:350,55,1,0
BRDA:353,56,0,0
BRDA:353,56,1,0
BRDA:356,57,0,0
BRDA:356,57,1,0
BRDA:386,58,0,1
BRDA:386,58,1,0
BRDA:387,59,0,1
BRDA:387,59,1,0
BRDA:396,60,0,1
BRDA:396,60,1,0
BRDA:396,61,0,1
BRDA:396,61,1,1
BRDA:407,62,0,0
BRDA:407,62,1,0
BRDA:411,63,0,1
BRDA:411,63,1,0
BRDA:437,64,0,0
BRDA:437,64,1,0
BRDA:437,65,0,0
BRDA:437,65,1,0
BRDA:450,66,0,0
BRDA:450,66,1,0
BRDA:451,67,0,0
BRDA:451,67,1,0
BRDA:452,68,0,0
BRDA:452,68,1,0
BRDA:466,69,0,0
BRDA:466,69,1,0
BRDA:466,70,0,0
BRDA:466,70,1,0
BRF:142
BRH:6
end_of_record
TN:
SF:src\components\Insats\index.js
FN:18,(anonymous_0)
FN:33,(anonymous_1)
FN:34,(anonymous_2)
FN:35,(anonymous_3)
FN:40,(anonymous_4)
FN:98,(anonymous_5)
FN:105,(anonymous_6)
FN:119,(anonymous_7)
FN:134,(anonymous_8)
FN:140,(anonymous_9)
FN:180,(anonymous_10)
FN:202,(anonymous_11)
FN:217,(anonymous_12)
FN:222,(anonymous_13)
FN:226,(anonymous_14)
FN:242,(anonymous_15)
FN:261,(anonymous_16)
FNF:17
FNH:4
FNDA:1,(anonymous_0)
FNDA:0,(anonymous_1)
FNDA:0,(anonymous_2)
FNDA:0,(anonymous_3)
FNDA:0,(anonymous_4)
FNDA:0,(anonymous_5)
FNDA:0,(anonymous_6)
FNDA:0,(anonymous_7)
FNDA:0,(anonymous_8)
FNDA:1,(anonymous_9)
FNDA:1,(anonymous_10)
FNDA:0,(anonymous_11)
FNDA:0,(anonymous_12)
FNDA:0,(anonymous_13)
FNDA:1,(anonymous_14)
FNDA:0,(anonymous_15)
FNDA:0,(anonymous_16)
DA:19,1
DA:20,1
DA:32,1
DA:33,0
DA:35,0
DA:41,0
DA:42,0
DA:43,0
DA:49,0
DA:51,0
DA:52,0
DA:61,0
DA:62,0
DA:63,0
DA:64,0
DA:65,0
DA:71,0
DA:77,0
DA:81,0
DA:83,0
DA:89,0
DA:99,0
DA:100,0
DA:101,0
DA:102,0
DA:107,0
DA:108,0
DA:110,0
DA:111,0
DA:113,0
DA:114,0
DA:120,0
DA:125,0
DA:126,0
DA:127,0
DA:130,0
DA:134,0
DA:135,0
DA:141,1
DA:157,1
DA:158,1
DA:159,1
DA:163,1
DA:164,1
DA:166,1
DA:167,1
DA:168,1
DA:169,1
DA:170,1
DA:174,1
DA:175,1
DA:176,1
DA:177,1
DA:178,1
DA:179,1
DA:180,1
DA:181,1
DA:182,1
DA:183,1
DA:184,1
DA:186,0
DA:189,1
DA:190,1
DA:191,1
DA:195,1
DA:198,0
DA:199,0
DA:203,0
DA:207,0
DA:218,0
DA:222,1
DA:223,0
DA:227,1
DA:228,1
DA:229,1
DA:232,1
DA:243,0
DA:244,0
DA:261,0
DA:275,1
LF:80
LH:35
BRDA:41,0,0,0
BRDA:41,0,1,0
BRDA:41,1,0,0
BRDA:41,1,1,0
BRDA:43,2,0,0
BRDA:43,2,1,0
BRDA:44,3,0,0
BRDA:44,3,1,0
BRDA:44,3,2,0
BRDA:44,3,3,0
BRDA:52,4,0,0
BRDA:52,4,1,0
BRDA:53,5,0,0
BRDA:53,5,1,0
BRDA:53,5,2,0
BRDA:53,5,3,0
BRDA:61,6,0,0
BRDA:61,6,1,0
BRDA:99,7,0,0
BRDA:99,7,1,0
BRDA:100,8,0,0
BRDA:100,8,1,0
BRDA:101,9,0,0
BRDA:101,9,1,0
BRDA:107,10,0,0
BRDA:107,10,1,0
BRDA:110,11,0,0
BRDA:110,11,1,0
BRDA:113,12,0,0
BRDA:113,12,1,0
BRDA:126,13,0,0
BRDA:126,13,1,0
BRDA:159,14,0,1
BRDA:159,14,1,0
BRDA:160,15,0,1
BRDA:160,15,1,0
BRDA:169,16,0,1
BRDA:169,16,1,0
BRDA:169,17,0,1
BRDA:169,17,1,1
BRDA:182,18,0,1
BRDA:182,18,1,0
BRDA:189,19,0,1
BRDA:189,19,1,0
BRF:44
BRH:7
end_of_record
TN:
SF:src\database\firebaseDb.js
FNF:0
FNH:0
DA:5,2
DA:15,2
DA:17,2
LF:3
LH:3
BRF:0
BRH:0
end_of_record
TN:
SF:src\navigation\index.js
FN:17,(anonymous_0)
FN:20,(anonymous_1)
FN:21,(anonymous_2)
FN:39,(anonymous_3)
FN:45,(anonymous_4)
FN:57,(anonymous_5)
FNF:6
FNH:0
FNDA:0,(anonymous_0)
FNDA:0,(anonymous_1)
FNDA:0,(anonymous_2)
FNDA:0,(anonymous_3)
FNDA:0,(anonymous_4)
FNDA:0,(anonymous_5)
DA:14,0
DA:15,0
DA:17,0
DA:18,0
DA:20,0
DA:23,0
DA:24,0
DA:25,0
DA:26,0
DA:30,0
DA:39,0
DA:40,0
DA:45,0
DA:57,0
LF:14
LH:0
BRDA:23,0,0,0
BRDA:23,0,1,0
BRDA:24,1,0,0
BRDA:24,1,1,0
BRDA:25,2,0,0
BRDA:25,2,1,0
BRDA:26,3,0,0
BRDA:26,3,1,0
BRF:8
BRH:0
end_of_record
TN:
SF:src\screens\index.js
FNF:0
FNH:0
LF:0
LH:0
BRF:0
BRH:0
end_of_record
TN:
SF:src\screens\AddInsatsScreen\AddInsatsScreen.js
FN:20,(anonymous_0)
FN:38,(anonymous_1)
FN:42,(anonymous_2)
FN:48,(anonymous_3)
FN:65,(anonymous_4)
FN:78,(anonymous_5)
FN:87,(anonymous_6)
FN:94,(anonymous_7)
FN:138,(anonymous_8)
FN:149,(anonymous_9)
FN:160,(anonymous_10)
FN:174,(anonymous_11)
FN:190,(anonymous_12)
FN:205,(anonymous_13)
FN:212,(anonymous_14)
FN:225,(anonymous_15)
FNF:16
FNH:0
FNDA:0,(anonymous_0)
FNDA:0,(anonymous_1)
FNDA:0,(anonymous_2)
FNDA:0,(anonymous_3)
FNDA:0,(anonymous_4)
FNDA:0,(anonymous_5)
FNDA:0,(anonymous_6)
FNDA:0,(anonymous_7)
FNDA:0,(anonymous_8)
FNDA:0,(anonymous_9)
FNDA:0,(anonymous_10)
FNDA:0,(anonymous_11)
FNDA:0,(anonymous_12)
FNDA:0,(anonymous_13)
FNDA:0,(anonymous_14)
FNDA:0,(anonymous_15)
DA:21,0
DA:22,0
DA:23,0
DA:35,0
DA:38,0
DA:39,0
DA:42,0
DA:43,0
DA:44,0
DA:45,0
DA:49,0
DA:50,0
DA:52,0
DA:55,0
DA:66,0
DA:76,0
DA:79,0
DA:80,0
DA:88,0
DA:91,0
DA:95,0
DA:96,0
DA:110,0
DA:111,0
DA:112,0
DA:113,0
DA:120,0
DA:138,0
DA:149,0
DA:161,0
DA:175,0
DA:191,0
DA:205,0
DA:213,0
DA:214,0
DA:225,0
DA:236,0
LF:37
LH:0
BRDA:49,0,0,0
BRDA:49,0,1,0
BRDA:111,1,0,0
BRDA:111,1,1,0
BRDA:112,2,0,0
BRDA:112,2,1,0
BRF:6
BRH:0
end_of_record
TN:
SF:src\screens\AddInsatsScreen\index.js
FNF:0
FNH:0
LF:0
LH:0
BRF:0
BRH:0
end_of_record
TN:
SF:src\screens\Dashboard\Dashboard.js
FN:6,Dashboard
FN:10,(anonymous_1)
FN:11,getUserInfo
FNF:3
FNH:0
FNDA:0,Dashboard
FNDA:0,(anonymous_1)
FNDA:0,getUserInfo
DA:7,0
DA:8,0
DA:10,0
DA:12,0
DA:18,0
DA:19,0
DA:21,0
DA:22,0
DA:25,0
DA:26,0
DA:29,0
DA:37,0
LF:12
LH:0
BRDA:18,0,0,0
BRDA:18,0,1,0
BRF:2
BRH:0
end_of_record
TN:
SF:src\screens\Dashboard\index.js
FNF:0
FNH:0
LF:0
LH:0
BRF:0
BRH:0
end_of_record
TN:
SF:src\screens\DayScreen\DayScreen.js
FN:23,(anonymous_0)
FN:61,(anonymous_1)
FN:65,(anonymous_2)
FN:69,(anonymous_3)
FN:71,(anonymous_4)
FN:98,(anonymous_5)
FN:103,(anonymous_6)
FN:123,(anonymous_7)
FN:143,(anonymous_8)
FN:173,(anonymous_9)
FN:182,(anonymous_10)
FN:195,(anonymous_11)
FN:201,(anonymous_12)
FNF:13
FNH:0
FNDA:0,(anonymous_0)
FNDA:0,(anonymous_1)
FNDA:0,(anonymous_2)
FNDA:0,(anonymous_3)
FNDA:0,(anonymous_4)
FNDA:0,(anonymous_5)
FNDA:0,(anonymous_6)
FNDA:0,(anonymous_7)
FNDA:0,(anonymous_8)
FNDA:0,(anonymous_9)
FNDA:0,(anonymous_10)
FNDA:0,(anonymous_11)
FNDA:0,(anonymous_12)
DA:24,0
DA:25,0
DA:29,0
DA:62,0
DA:66,0
DA:69,0
DA:70,0
DA:71,0
DA:80,0
DA:81,0
DA:92,0
DA:99,0
DA:100,0
DA:104,0
DA:105,0
DA:106,0
DA:110,0
DA:124,0
DA:125,0
DA:126,0
DA:130,0
DA:144,0
DA:145,0
DA:147,0
DA:148,0
DA:155,0
DA:173,0
DA:182,0
DA:196,0
DA:202,0
DA:212,0
LF:31
LH:0
BRDA:106,0,0,0
BRDA:106,0,1,0
BRDA:107,1,0,0
BRDA:107,1,1,0
BRDA:126,2,0,0
BRDA:126,2,1,0
BRDA:127,3,0,0
BRDA:127,3,1,0
BRDA:147,4,0,0
BRDA:147,4,1,0
BRF:10
BRH:0
end_of_record
TN:
SF:src\screens\DayScreen\index.js
FNF:0
FNH:0
LF:0
LH:0
BRF:0
BRH:0
end_of_record
TN:
SF:src\screens\HomeScreen\HomeScreen.js
FN:25,(anonymous_0)
FN:101,(anonymous_1)
FN:105,(anonymous_2)
FN:109,(anonymous_3)
FN:111,(anonymous_4)
FN:139,(anonymous_5)
FN:145,(anonymous_6)
FN:168,(anonymous_7)
FN:183,(anonymous_8)
FN:196,(anonymous_9)
FN:225,(anonymous_10)
FN:232,(anonymous_11)
FN:241,(anonymous_12)
FN:278,(anonymous_13)
FN:285,(anonymous_14)
FN:306,(anonymous_15)
FN:345,(anonymous_16)
FN:366,(anonymous_17)
FN:385,(anonymous_18)
FN:395,(anonymous_19)
FN:405,(anonymous_20)
FN:414,(anonymous_21)
FN:426,(anonymous_22)
FN:436,(anonymous_23)
FN:442,(anonymous_24)
FN:448,(anonymous_25)
FN:460,(anonymous_26)
FN:466,(anonymous_27)
FN:472,(anonymous_28)
FN:478,(anonymous_29)
FN:485,(anonymous_30)
FNF:31
FNH:0
FNDA:0,(anonymous_0)
FNDA:0,(anonymous_1)
FNDA:0,(anonymous_2)
FNDA:0,(anonymous_3)
FNDA:0,(anonymous_4)
FNDA:0,(anonymous_5)
FNDA:0,(anonymous_6)
FNDA:0,(anonymous_7)
FNDA:0,(anonymous_8)
FNDA:0,(anonymous_9)
FNDA:0,(anonymous_10)
FNDA:0,(anonymous_11)
FNDA:0,(anonymous_12)
FNDA:0,(anonymous_13)
FNDA:0,(anonymous_14)
FNDA:0,(anonymous_15)
FNDA:0,(anonymous_16)
FNDA:0,(anonymous_17)
FNDA:0,(anonymous_18)
FNDA:0,(anonymous_19)
FNDA:0,(anonymous_20)
FNDA:0,(anonymous_21)
FNDA:0,(anonymous_22)
FNDA:0,(anonymous_23)
FNDA:0,(anonymous_24)
FNDA:0,(anonymous_25)
FNDA:0,(anonymous_26)
FNDA:0,(anonymous_27)
FNDA:0,(anonymous_28)
FNDA:0,(anonymous_29)
FNDA:0,(anonymous_30)
DA:26,0
DA:28,0
DA:32,0
DA:102,0
DA:106,0
DA:109,0
DA:110,0
DA:111,0
DA:120,0
DA:121,0
DA:132,0
DA:140,0
DA:141,0
DA:146,0
DA:147,0
DA:148,0
DA:149,0
DA:150,0
DA:151,0
DA:155,0
DA:157,0
DA:159,0
DA:169,0
DA:170,0
DA:174,0
DA:175,0
DA:179,0
DA:184,0
DA:192,0
DA:208,0
DA:226,0
DA:233,0
DA:234,0
DA:235,0
DA:239,0
DA:242,0
DA:270,0
DA:278,0
DA:279,0
DA:286,0
DA:287,0
DA:288,0
DA:289,0
DA:290,0
DA:292,0
DA:293,0
DA:296,0
DA:297,0
DA:298,0
DA:300,0
DA:301,0
DA:315,0
DA:317,0
DA:318,0
DA:319,0
DA:320,0
DA:321,0
DA:322,0
DA:323,0
DA:324,0
DA:325,0
DA:326,0
DA:333,0
DA:346,0
DA:366,0
DA:385,0
DA:395,0
DA:405,0
DA:415,0
DA:427,0
DA:437,0
DA:443,0
DA:449,0
DA:461,0
DA:467,0
DA:473,0
DA:479,0
DA:486,0
DA:500,0
LF:79
LH:0
BRDA:147,0,0,0
BRDA:147,0,1,0
BRDA:151,1,0,0
BRDA:151,1,1,0
BRDA:152,2,0,0
BRDA:152,2,1,0
BRDA:170,3,0,0
BRDA:170,3,1,0
BRDA:171,4,0,0
BRDA:171,4,1,0
BRDA:174,5,0,0
BRDA:174,5,1,0
BRDA:235,6,0,0
BRDA:235,6,1,0
BRDA:236,7,0,0
BRDA:236,7,1,0
BRDA:289,8,0,0
BRDA:289,8,1,0
BRDA:292,9,0,0
BRDA:292,9,1,0
BRDA:296,10,0,0
BRDA:296,10,1,0
BRDA:325,11,0,0
BRDA:325,11,1,0
BRDA:346,12,0,0
BRDA:346,12,1,0
BRF:26
BRH:0
end_of_record
TN:
SF:src\screens\HomeScreen\index.js
FNF:0
FNH:0
LF:0
LH:0
BRF:0
BRH:0
end_of_record
TN:
SF:src\screens\InsatsDetailScreen\InsatsDetailScreen.js
FN:19,(anonymous_0)
FN:34,(anonymous_1)
FN:39,(anonymous_2)
FN:60,(anonymous_3)
FN:64,(anonymous_4)
FN:70,(anonymous_5)
FN:88,(anonymous_6)
FN:101,(anonymous_7)
FN:109,(anonymous_8)
FN:114,(anonymous_9)
FN:120,(anonymous_10)
FN:125,(anonymous_11)
FN:128,(anonymous_12)
FN:138,(anonymous_13)
FN:145,(anonymous_14)
FN:195,(anonymous_15)
FN:211,(anonymous_16)
FN:222,(anonymous_17)
FN:236,(anonymous_18)
FN:250,(anonymous_19)
FN:260,(anonymous_20)
FN:268,(anonymous_21)
FN:281,(anonymous_22)
FNF:23
FNH:0
FNDA:0,(anonymous_0)
FNDA:0,(anonymous_1)
FNDA:0,(anonymous_2)
FNDA:0,(anonymous_3)
FNDA:0,(anonymous_4)
FNDA:0,(anonymous_5)
FNDA:0,(anonymous_6)
FNDA:0,(anonymous_7)
FNDA:0,(anonymous_8)
FNDA:0,(anonymous_9)
FNDA:0,(anonymous_10)
FNDA:0,(anonymous_11)
FNDA:0,(anonymous_12)
FNDA:0,(anonymous_13)
FNDA:0,(anonymous_14)
FNDA:0,(anonymous_15)
FNDA:0,(anonymous_16)
FNDA:0,(anonymous_17)
FNDA:0,(anonymous_18)
FNDA:0,(anonymous_19)
FNDA:0,(anonymous_20)
FNDA:0,(anonymous_21)
FNDA:0,(anonymous_22)
DA:20,0
DA:21,0
DA:31,0
DA:35,0
DA:39,0
DA:40,0
DA:41,0
DA:42,0
DA:55,0
DA:60,0
DA:61,0
DA:64,0
DA:65,0
DA:66,0
DA:67,0
DA:71,0
DA:74,0
DA:78,0
DA:89,0
DA:99,0
DA:102,0
DA:103,0
DA:110,0
DA:114,0
DA:115,0
DA:116,0
DA:120,0
DA:121,0
DA:125,0
DA:128,0
DA:139,0
DA:142,0
DA:146,0
DA:147,0
DA:175,0
DA:176,0
DA:177,0
DA:178,0
DA:184,0
DA:195,0
DA:211,0
DA:223,0
DA:237,0
DA:251,0
DA:260,0
DA:269,0
DA:270,0
DA:281,0
DA:300,0
LF:49
LH:0
BRDA:40,0,0,0
BRDA:40,0,1,0
BRDA:176,1,0,0
BRDA:176,1,1,0
BRDA:177,2,0,0
BRDA:177,2,1,0
BRF:6
BRH:0
end_of_record
TN:
SF:src\screens\InsatsDetailScreen\index.js
FNF:0
FNH:0
LF:0
LH:0
BRF:0
BRH:0
end_of_record
TN:
SF:src\screens\LoadingScreen\LoadingScreen.js
FN:5,LoadingScreen
FN:6,(anonymous_1)
FN:7,(anonymous_2)
FNF:3
FNH:0
FNDA:0,LoadingScreen
FNDA:0,(anonymous_1)
FNDA:0,(anonymous_2)
DA:6,0
DA:7,0
DA:8,0
DA:9,0
DA:11,0
DA:16,0
DA:23,0
LF:7
LH:0
BRDA:8,0,0,0
BRDA:8,0,1,0
BRF:2
BRH:0
end_of_record
TN:
SF:src\screens\LoadingScreen\index.js
FNF:0
FNH:0
LF:0
LH:0
BRF:0
BRH:0
end_of_record
TN:
SF:src\screens\LoginScreen\LoginScreen.js
FN:19,(anonymous_0)
FN:27,(anonymous_1)
FN:31,(anonymous_2)
FN:64,(anonymous_3)
FN:74,(anonymous_4)
FN:84,(anonymous_5)
FNF:6
FNH:0
FNDA:0,(anonymous_0)
FNDA:0,(anonymous_1)
FNDA:0,(anonymous_2)
FNDA:0,(anonymous_3)
FNDA:0,(anonymous_4)
FNDA:0,(anonymous_5)
DA:19,0
DA:20,0
DA:21,0
DA:22,0
DA:23,0
DA:25,0
DA:26,0
DA:27,0
DA:28,0
DA:29,0
DA:31,0
DA:32,0
DA:33,0
DA:34,0
DA:35,0
DA:36,0
DA:37,0
DA:38,0
DA:39,0
DA:40,0
DA:41,0
DA:42,0
DA:43,0
DA:45,0
DA:46,0
DA:47,0
DA:48,0
DA:52,0
DA:64,0
DA:74,0
DA:84,0
DA:95,0
LF:32
LH:0
BRDA:32,0,0,0
BRDA:32,0,1,0
BRDA:32,1,0,0
BRDA:32,1,1,0
BRDA:36,2,0,0
BRDA:36,2,1,0
BRDA:40,3,0,0
BRDA:40,3,1,0
BRF:8
BRH:0
end_of_record
TN:
SF:src\screens\LoginScreen\index.js
FNF:0
FNH:0
LF:0
LH:0
BRF:0
BRH:0
end_of_record
TN:
SF:src\screens\SignUp\SignUp.js
FN:15,SignUp
FN:22,(anonymous_1)
FN:30,(anonymous_2)
FN:61,(anonymous_3)
FN:68,(anonymous_4)
FN:76,(anonymous_5)
FN:86,(anonymous_6)
FN:94,(anonymous_7)
FN:104,(anonymous_8)
FNF:9
FNH:0
FNDA:0,SignUp
FNDA:0,(anonymous_1)
FNDA:0,(anonymous_2)
FNDA:0,(anonymous_3)
FNDA:0,(anonymous_4)
FNDA:0,(anonymous_5)
FNDA:0,(anonymous_6)
FNDA:0,(anonymous_7)
FNDA:0,(anonymous_8)
DA:16,0
DA:17,0
DA:18,0
DA:19,0
DA:20,0
DA:22,0
DA:23,0
DA:24,0
DA:25,0
DA:26,0
DA:27,0
DA:30,0
DA:31,0
DA:32,0
DA:33,0
DA:34,0
DA:35,0
DA:36,0
DA:37,0
DA:38,0
DA:39,0
DA:40,0
DA:41,0
DA:43,0
DA:44,0
DA:45,0
DA:49,0
DA:61,0
DA:68,0
DA:76,0
DA:86,0
DA:94,0
DA:104,0
DA:115,0
LF:34
LH:0
BRDA:31,0,0,0
BRDA:31,0,1,0
BRDA:33,1,0,0
BRDA:33,1,1,0
BRDA:35,2,0,0
BRDA:35,2,1,0
BRDA:37,3,0,0
BRDA:37,3,1,0
BRDA:40,4,0,0
BRDA:40,4,1,0
BRF:10
BRH:0
end_of_record
TN:
SF:src\screens\SignUp\index.js
FNF:0
FNH:0
LF:0
LH:0
BRF:0
BRH:0
end_of_record
